#
# A fatal error has been detected by the Java Runtime Environment:
#
#  SIGSEGV (0xb) at pc=0x0000000128d08d30, pid=97349, tid=9987
#
# JRE version: Java(TM) SE Runtime Environment (14.0.2+12) (build 14.0.2+12-46)
# Java VM: Java HotSpot(TM) 64-Bit Server VM (14.0.2+12-46, mixed mode, sharing, tiered, compressed oops, g1 gc, bsd-amd64)
# Problematic frame:
# C  0x0000000128d08d30
#
# No core dump will be written. Core dumps have been disabled. To enable core dumping, try "ulimit -c unlimited" before starting Java again
#
# If you would like to submit a bug report, please visit:
#   https://bugreport.java.com/bugreport/crash.jsp
# The crash happened outside the Java Virtual Machine in native code.
# See problematic frame for where to report the bug.
#

---------------  S U M M A R Y ------------

Command Line: -Dfile.encoding=UTF-8 HelloWorldServerTls 127.0.0.1 5050 /opt/gopath/src/github.com/zhangyangMr/HelloWorld/src/openssl/server.crt /opt/gopath/src/github.com/zhangyangMr/HelloWorld/src/openssl/server.pem

Host: MacBookPro15,1 x86_64 2200 MHz, 12 cores, 16G, Darwin 19.6.0
Time: Tue Sep 15 11:44:26 2020 CST elapsed time: 0 seconds (0d 0h 0m 0s)

---------------  T H R E A D  ---------------

Current thread (0x00007f8c4480d800):  JavaThread "main" [_thread_in_native, id=9987, stack(0x000070000a03c000,0x000070000a13c000)]

Stack: [0x000070000a03c000,0x000070000a13c000],  sp=0x000070000a13b168,  free space=1020k
Native frames: (J=compiled Java code, A=aot compiled Java code, j=interpreted, Vv=VM code, C=native code)
C  0x0000000128d08d30
j  io.netty.internal.tcnative.Library.initialize(Ljava/lang/String;Ljava/lang/String;)Z+31
j  io.netty.handler.ssl.OpenSsl.initializeTcNative(Ljava/lang/String;)Z+3
j  io.netty.handler.ssl.OpenSsl.<clinit>()V+225
v  ~StubRoutines::call_stub
V  [libjvm.dylib+0x34b6f6]  JavaCalls::call_helper(JavaValue*, methodHandle const&, JavaCallArguments*, Thread*)+0x256
V  [libjvm.dylib+0x334a66]  InstanceKlass::call_class_initializer(Thread*)+0x192
V  [libjvm.dylib+0x334388]  InstanceKlass::initialize_impl(Thread*)+0x518
V  [libjvm.dylib+0x4e733c]  LinkResolver::resolve_static_call(CallInfo&, LinkInfo const&, bool, Thread*)+0x68
V  [libjvm.dylib+0x4e8e11]  LinkResolver::resolve_invokestatic(CallInfo&, constantPoolHandle const&, int, Thread*)+0x35
V  [libjvm.dylib+0x346bc9]  InterpreterRuntime::resolve_invoke(JavaThread*, Bytecodes::Code)+0x223
V  [libjvm.dylib+0x347180]  InterpreterRuntime::resolve_from_cache(JavaThread*, Bytecodes::Code)+0x32
j  io.grpc.netty.GrpcSslContexts.configure(Lio/netty/handler/ssl/SslContextBuilder;Lio/netty/handler/ssl/SslProvider;)Lio/netty/handler/ssl/SslContextBuilder;+60
j  HelloWorldServerTls.getSslContextBuilder()Lio/netty/handler/ssl/SslContextBuilder;+61
j  HelloWorldServerTls.start()V+33
j  HelloWorldServerTls.main([Ljava/lang/String;)V+142
v  ~StubRoutines::call_stub
V  [libjvm.dylib+0x34b6f6]  JavaCalls::call_helper(JavaValue*, methodHandle const&, JavaCallArguments*, Thread*)+0x256
V  [libjvm.dylib+0x38fdb9]  jni_invoke_static(JNIEnv_*, JavaValue*, _jobject*, JNICallType, _jmethodID*, JNI_ArgumentPusher*, Thread*)+0x11c
V  [libjvm.dylib+0x39369c]  jni_CallStaticVoidMethod+0x1b3
C  [libjli.dylib+0x4a42]  JavaMain+0xab4
C  [libjli.dylib+0x6d4a]  ThreadJavaMain+0x9
C  [libsystem_pthread.dylib+0x6109]  _pthread_start+0x94
C  [libsystem_pthread.dylib+0x1b8b]  thread_start+0xf

Java frames: (J=compiled Java code, j=interpreted, Vv=VM code)
j  io.netty.internal.tcnative.Library.aprMajorVersion()I+0
j  io.netty.internal.tcnative.Library.initialize(Ljava/lang/String;Ljava/lang/String;)Z+31
j  io.netty.handler.ssl.OpenSsl.initializeTcNative(Ljava/lang/String;)Z+3
j  io.netty.handler.ssl.OpenSsl.<clinit>()V+225
v  ~StubRoutines::call_stub
j  io.grpc.netty.GrpcSslContexts.configure(Lio/netty/handler/ssl/SslContextBuilder;Lio/netty/handler/ssl/SslProvider;)Lio/netty/handler/ssl/SslContextBuilder;+60
j  HelloWorldServerTls.getSslContextBuilder()Lio/netty/handler/ssl/SslContextBuilder;+61
j  HelloWorldServerTls.start()V+33
j  HelloWorldServerTls.main([Ljava/lang/String;)V+142
v  ~StubRoutines::call_stub

siginfo: si_signo: 11 (SIGSEGV), si_code: 1 (SEGV_MAPERR), si_addr: 0x0000000128d08d30

Register to memory mapping:

RAX=0x0000000128d08d30 is an unknown value
RBX={method} {0x0000000127090228} 'aprMajorVersion' '()I' in 'io/netty/internal/tcnative/Library'
RCX=0x00007f8c44105cd8 points into unknown readable memory: 00 00 00 00 00 00 00 00
RDX=0x0000000000000004 is an unknown value
RSP=0x000070000a13b168 is pointing into the stack for thread: 0x00007f8c4480d800
RBP=0x000070000a13b1b8 is pointing into the stack for thread: 0x00007f8c4480d800
RSI=0x000070000a13b1c8 is pointing into the stack for thread: 0x00007f8c4480d800
RDI=0x00007f8c4480db10 points into unknown readable memory: 20 1c 10 03 01 00 00 00
R8 ={method} {0x0000000127090228} 'aprMajorVersion' '()I' in 'io/netty/internal/tcnative/Library'
R9 =0x00007f8c42411210 points into unknown readable memory: 40 a1 db 26 01 00 00 00
R10=0x000000010f9c8681 is at code_begin+897 in an Interpreter codelet
method entry point (kind = native)  [0x000000010f9c8300, 0x000000010f9c8c80]  2432 bytes
R11=0x000000070f3f57f8 is an oop: java.lang.Class 
{0x000000070f3f57f8} - klass: 'java/lang/Class'
R12=0x0 is NULL
R13={method} {0x0000000127090228} 'aprMajorVersion' '()I' in 'io/netty/internal/tcnative/Library'
R14=0x000070000a13b1d0 is pointing into the stack for thread: 0x00007f8c4480d800
R15=0x00007f8c4480d800 is a thread


Registers:
RAX=0x0000000128d08d30, RBX=0x0000000127090228, RCX=0x00007f8c44105cd8, RDX=0x0000000000000004
RSP=0x000070000a13b168, RBP=0x000070000a13b1b8, RSI=0x000070000a13b1c8, RDI=0x00007f8c4480db10
R8 =0x0000000127090228, R9 =0x00007f8c42411210, R10=0x000000010f9c8681, R11=0x000000070f3f57f8
R12=0x0000000000000000, R13=0x0000000127090228, R14=0x000070000a13b1d0, R15=0x00007f8c4480d800
RIP=0x0000000128d08d30, EFLAGS=0x0000000000010212, ERR=0x0000000000000014
  TRAPNO=0x000000000000000e

Top of Stack: (sp=0x000070000a13b168)
0x000070000a13b168:   000000010f9c86b0 000070000a13b170
0x000070000a13b178:   0000000127090228 000070000a13b1d0
0x000070000a13b188:   00000001270905c0 0000000000000000
0x000070000a13b198:   000000070f3f57f8 0000000127090228
0x000070000a13b1a8:   0000000000000000 000070000a13b1d8
0x000070000a13b1b8:   000070000a13b220 000000010f9c2900
0x000070000a13b1c8:   000000070f3f57f8 000000010f9c5756
0x000070000a13b1d8:   000070000a13b1d8 0000000127090427
0x000070000a13b1e8:   000070000a13b238 00000001270905c0
0x000070000a13b1f8:   0000000000000000 000000070f3f57f8
0x000070000a13b208:   00000001270904a0 000070000a13b1d8
0x000070000a13b218:   000070000a13b230 000070000a13b288
0x000070000a13b228:   000000010f9c2690 0000000000000000
0x000070000a13b238:   000000070f3f5888 000070000a13b240
0x000070000a13b248:   00000001270841ab 000070000a13b298
0x000070000a13b258:   0000000127085c50 0000000000000000
0x000070000a13b268:   000000070f394780 00000001270841c8
0x000070000a13b278:   000070000a13b230 000070000a13b298
0x000070000a13b288:   000070000a13b2e8 000000010f9c2690
0x000070000a13b298:   0000000000000000 000070000a13b2a0
0x000070000a13b2a8:   0000000127084549 000070000a13b3b8
0x000070000a13b2b8:   0000000127085c50 0000000000000000
0x000070000a13b2c8:   000000070f394780 0000000127084d18
0x000070000a13b2d8:   000070000a13b298 000070000a13b3c0
0x000070000a13b2e8:   000070000a13b420 000000010f9b9949
0x000070000a13b2f8:   0000000000000000 0000000000000000
0x000070000a13b308:   0000000000000000 0000000000000000
0x000070000a13b318:   0000000000000000 0000000000000000
0x000070000a13b328:   0000000000000000 0000000000000000
0x000070000a13b338:   0000000000000000 0000000000000000
0x000070000a13b348:   0000000000000000 0000000000000000
0x000070000a13b358:   0000000000000000 0000000000000000 

Instructions: (pc=0x0000000128d08d30)
0x0000000128d08c30:   ?? ?? ?? ?? ?? ?? ?? ?? ?? ?? ?? ?? ?? ?? ?? ??
0x0000000128d08c40:   ?? ?? ?? ?? ?? ?? ?? ?? ?? ?? ?? ?? ?? ?? ?? ??
0x0000000128d08c50:   ?? ?? ?? ?? ?? ?? ?? ?? ?? ?? ?? ?? ?? ?? ?? ??
0x0000000128d08c60:   ?? ?? ?? ?? ?? ?? ?? ?? ?? ?? ?? ?? ?? ?? ?? ??
0x0000000128d08c70:   ?? ?? ?? ?? ?? ?? ?? ?? ?? ?? ?? ?? ?? ?? ?? ??
0x0000000128d08c80:   ?? ?? ?? ?? ?? ?? ?? ?? ?? ?? ?? ?? ?? ?? ?? ??
0x0000000128d08c90:   ?? ?? ?? ?? ?? ?? ?? ?? ?? ?? ?? ?? ?? ?? ?? ??
0x0000000128d08ca0:   ?? ?? ?? ?? ?? ?? ?? ?? ?? ?? ?? ?? ?? ?? ?? ??
0x0000000128d08cb0:   ?? ?? ?? ?? ?? ?? ?? ?? ?? ?? ?? ?? ?? ?? ?? ??
0x0000000128d08cc0:   ?? ?? ?? ?? ?? ?? ?? ?? ?? ?? ?? ?? ?? ?? ?? ??
0x0000000128d08cd0:   ?? ?? ?? ?? ?? ?? ?? ?? ?? ?? ?? ?? ?? ?? ?? ??
0x0000000128d08ce0:   ?? ?? ?? ?? ?? ?? ?? ?? ?? ?? ?? ?? ?? ?? ?? ??
0x0000000128d08cf0:   ?? ?? ?? ?? ?? ?? ?? ?? ?? ?? ?? ?? ?? ?? ?? ??
0x0000000128d08d00:   ?? ?? ?? ?? ?? ?? ?? ?? ?? ?? ?? ?? ?? ?? ?? ??
0x0000000128d08d10:   ?? ?? ?? ?? ?? ?? ?? ?? ?? ?? ?? ?? ?? ?? ?? ??
0x0000000128d08d20:   ?? ?? ?? ?? ?? ?? ?? ?? ?? ?? ?? ?? ?? ?? ?? ??
0x0000000128d08d30:   ?? ?? ?? ?? ?? ?? ?? ?? ?? ?? ?? ?? ?? ?? ?? ??
0x0000000128d08d40:   ?? ?? ?? ?? ?? ?? ?? ?? ?? ?? ?? ?? ?? ?? ?? ??
0x0000000128d08d50:   ?? ?? ?? ?? ?? ?? ?? ?? ?? ?? ?? ?? ?? ?? ?? ??
0x0000000128d08d60:   ?? ?? ?? ?? ?? ?? ?? ?? ?? ?? ?? ?? ?? ?? ?? ??
0x0000000128d08d70:   ?? ?? ?? ?? ?? ?? ?? ?? ?? ?? ?? ?? ?? ?? ?? ??
0x0000000128d08d80:   ?? ?? ?? ?? ?? ?? ?? ?? ?? ?? ?? ?? ?? ?? ?? ??
0x0000000128d08d90:   ?? ?? ?? ?? ?? ?? ?? ?? ?? ?? ?? ?? ?? ?? ?? ??
0x0000000128d08da0:   ?? ?? ?? ?? ?? ?? ?? ?? ?? ?? ?? ?? ?? ?? ?? ??
0x0000000128d08db0:   ?? ?? ?? ?? ?? ?? ?? ?? ?? ?? ?? ?? ?? ?? ?? ??
0x0000000128d08dc0:   ?? ?? ?? ?? ?? ?? ?? ?? ?? ?? ?? ?? ?? ?? ?? ??
0x0000000128d08dd0:   ?? ?? ?? ?? ?? ?? ?? ?? ?? ?? ?? ?? ?? ?? ?? ??
0x0000000128d08de0:   ?? ?? ?? ?? ?? ?? ?? ?? ?? ?? ?? ?? ?? ?? ?? ??
0x0000000128d08df0:   ?? ?? ?? ?? ?? ?? ?? ?? ?? ?? ?? ?? ?? ?? ?? ??
0x0000000128d08e00:   ?? ?? ?? ?? ?? ?? ?? ?? ?? ?? ?? ?? ?? ?? ?? ??
0x0000000128d08e10:   ?? ?? ?? ?? ?? ?? ?? ?? ?? ?? ?? ?? ?? ?? ?? ??
0x0000000128d08e20:   ?? ?? ?? ?? ?? ?? ?? ?? ?? ?? ?? ?? ?? ?? ?? ?? 


Stack slot to memory mapping:
stack at sp + 0 slots: 0x000000010f9c86b0 is at code_begin+944 in an Interpreter codelet
method entry point (kind = native)  [0x000000010f9c8300, 0x000000010f9c8c80]  2432 bytes
stack at sp + 1 slots: 0x000070000a13b170 is pointing into the stack for thread: 0x00007f8c4480d800
stack at sp + 2 slots: {method} {0x0000000127090228} 'aprMajorVersion' '()I' in 'io/netty/internal/tcnative/Library'
stack at sp + 3 slots: 0x000070000a13b1d0 is pointing into the stack for thread: 0x00007f8c4480d800
stack at sp + 4 slots: 0x00000001270905c0 is pointing into metadata
stack at sp + 5 slots: 0x0 is NULL
stack at sp + 6 slots: 0x000000070f3f57f8 is an oop: java.lang.Class 
{0x000000070f3f57f8} - klass: 'java/lang/Class'
stack at sp + 7 slots: {method} {0x0000000127090228} 'aprMajorVersion' '()I' in 'io/netty/internal/tcnative/Library'


---------------  P R O C E S S  ---------------

Threads class SMR info:
_java_thread_list=0x00007f8c42692310, length=10, elements={
0x00007f8c4480d800, 0x00007f8c45039800, 0x00007f8c43809000, 0x00007f8c42809800,
0x00007f8c4805a800, 0x00007f8c48048800, 0x00007f8c4280a800, 0x00007f8c4880b000,
0x00007f8c4300c800, 0x00007f8c4503a800
}

Java Threads: ( => current thread )
=>0x00007f8c4480d800 JavaThread "main" [_thread_in_native, id=9987, stack(0x000070000a03c000,0x000070000a13c000)]
  0x00007f8c45039800 JavaThread "Reference Handler" daemon [_thread_blocked, id=14083, stack(0x000070000a751000,0x000070000a851000)]
  0x00007f8c43809000 JavaThread "Finalizer" daemon [_thread_blocked, id=17155, stack(0x000070000a854000,0x000070000a954000)]
  0x00007f8c42809800 JavaThread "Signal Dispatcher" daemon [_thread_blocked, id=22019, stack(0x000070000aa5d000,0x000070000ab5d000)]
  0x00007f8c4805a800 JavaThread "Service Thread" daemon [_thread_blocked, id=22531, stack(0x000070000ab60000,0x000070000ac60000)]
  0x00007f8c48048800 JavaThread "C2 CompilerThread0" daemon [_thread_blocked, id=42499, stack(0x000070000ac63000,0x000070000ad63000)]
  0x00007f8c4280a800 JavaThread "C1 CompilerThread0" daemon [_thread_blocked, id=41987, stack(0x000070000ad66000,0x000070000ae66000)]
  0x00007f8c4880b000 JavaThread "Sweeper thread" daemon [_thread_blocked, id=41731, stack(0x000070000ae69000,0x000070000af69000)]
  0x00007f8c4300c800 JavaThread "Notification Thread" daemon [_thread_blocked, id=41219, stack(0x000070000af6c000,0x000070000b06c000)]
  0x00007f8c4503a800 JavaThread "Common-Cleaner" daemon [_thread_blocked, id=40707, stack(0x000070000b172000,0x000070000b272000)]

Other Threads:
  0x00007f8c45039000 VMThread "VM Thread" [stack: 0x000070000a64e000,0x000070000a74e000] [id=17923]
  0x00007f8c4380a000 WatcherThread [stack: 0x000070000b06f000,0x000070000b16f000] [id=40963]
  0x00007f8c4483e800 GCTaskThread "GC Thread#0" [stack: 0x000070000a13f000,0x000070000a23f000] [id=19715]
  0x00007f8c45819000 ConcurrentGCThread "G1 Main Marker" [stack: 0x000070000a242000,0x000070000a342000] [id=19203]
  0x00007f8c4300e000 ConcurrentGCThread "G1 Conc#0" [stack: 0x000070000a345000,0x000070000a445000] [id=12803]
  0x00007f8c48047000 ConcurrentGCThread "G1 Refine#0" [stack: 0x000070000a448000,0x000070000a548000] [id=13059]
  0x00007f8c48047800 ConcurrentGCThread "G1 Young RemSet Sampling" [stack: 0x000070000a54b000,0x000070000a64b000] [id=18435]

Threads with active compile tasks:

VM state:not at safepoint (normal execution)

VM Mutex/Monitor currently owned by a thread: None

Heap address: 0x0000000700000000, size: 4096 MB, Compressed Oops mode: Zero based, Oop shift amount: 3
Narrow klass base: 0x0000000800000000, Narrow klass shift: 3
Compressed class space size: 1073741824 Address: 0x0000000800b05000

Heap:
 garbage-first heap   total 264192K, used 13104K [0x0000000700000000, 0x0000000800000000)
  region size 1024K, 14 young (14336K), 0 survivors (0K)
 Metaspace       used 5973K, capacity 7969K, committed 8064K, reserved 1056768K
  class space    used 679K, capacity 871K, committed 896K, reserved 1048576K
Heap Regions: E=young(eden), S=young(survivor), O=old, HS=humongous(starts), HC=humongous(continues), CS=collection set, F=free, OA=open archive, CA=closed archive, TAMS=top-at-mark-start (previous, next)
|   0|0x0000000700000000, 0x0000000700000000, 0x0000000700100000|  0%| F|  |TAMS 0x0000000700000000, 0x0000000700000000| Untracked 
|   1|0x0000000700100000, 0x0000000700100000, 0x0000000700200000|  0%| F|  |TAMS 0x0000000700100000, 0x0000000700100000| Untracked 
|   2|0x0000000700200000, 0x0000000700200000, 0x0000000700300000|  0%| F|  |TAMS 0x0000000700200000, 0x0000000700200000| Untracked 
|   3|0x0000000700300000, 0x0000000700300000, 0x0000000700400000|  0%| F|  |TAMS 0x0000000700300000, 0x0000000700300000| Untracked 
|   4|0x0000000700400000, 0x0000000700400000, 0x0000000700500000|  0%| F|  |TAMS 0x0000000700400000, 0x0000000700400000| Untracked 
|   5|0x0000000700500000, 0x0000000700500000, 0x0000000700600000|  0%| F|  |TAMS 0x0000000700500000, 0x0000000700500000| Untracked 
|   6|0x0000000700600000, 0x0000000700600000, 0x0000000700700000|  0%| F|  |TAMS 0x0000000700600000, 0x0000000700600000| Untracked 
|   7|0x0000000700700000, 0x0000000700700000, 0x0000000700800000|  0%| F|  |TAMS 0x0000000700700000, 0x0000000700700000| Untracked 
|   8|0x0000000700800000, 0x0000000700800000, 0x0000000700900000|  0%| F|  |TAMS 0x0000000700800000, 0x0000000700800000| Untracked 
|   9|0x0000000700900000, 0x0000000700900000, 0x0000000700a00000|  0%| F|  |TAMS 0x0000000700900000, 0x0000000700900000| Untracked 
|  10|0x0000000700a00000, 0x0000000700a00000, 0x0000000700b00000|  0%| F|  |TAMS 0x0000000700a00000, 0x0000000700a00000| Untracked 
|  11|0x0000000700b00000, 0x0000000700b00000, 0x0000000700c00000|  0%| F|  |TAMS 0x0000000700b00000, 0x0000000700b00000| Untracked 
|  12|0x0000000700c00000, 0x0000000700c00000, 0x0000000700d00000|  0%| F|  |TAMS 0x0000000700c00000, 0x0000000700c00000| Untracked 
|  13|0x0000000700d00000, 0x0000000700d00000, 0x0000000700e00000|  0%| F|  |TAMS 0x0000000700d00000, 0x0000000700d00000| Untracked 
|  14|0x0000000700e00000, 0x0000000700e00000, 0x0000000700f00000|  0%| F|  |TAMS 0x0000000700e00000, 0x0000000700e00000| Untracked 
|  15|0x0000000700f00000, 0x0000000700f00000, 0x0000000701000000|  0%| F|  |TAMS 0x0000000700f00000, 0x0000000700f00000| Untracked 
|  16|0x0000000701000000, 0x0000000701000000, 0x0000000701100000|  0%| F|  |TAMS 0x0000000701000000, 0x0000000701000000| Untracked 
|  17|0x0000000701100000, 0x0000000701100000, 0x0000000701200000|  0%| F|  |TAMS 0x0000000701100000, 0x0000000701100000| Untracked 
|  18|0x0000000701200000, 0x0000000701200000, 0x0000000701300000|  0%| F|  |TAMS 0x0000000701200000, 0x0000000701200000| Untracked 
|  19|0x0000000701300000, 0x0000000701300000, 0x0000000701400000|  0%| F|  |TAMS 0x0000000701300000, 0x0000000701300000| Untracked 
|  20|0x0000000701400000, 0x0000000701400000, 0x0000000701500000|  0%| F|  |TAMS 0x0000000701400000, 0x0000000701400000| Untracked 
|  21|0x0000000701500000, 0x0000000701500000, 0x0000000701600000|  0%| F|  |TAMS 0x0000000701500000, 0x0000000701500000| Untracked 
|  22|0x0000000701600000, 0x0000000701600000, 0x0000000701700000|  0%| F|  |TAMS 0x0000000701600000, 0x0000000701600000| Untracked 
|  23|0x0000000701700000, 0x0000000701700000, 0x0000000701800000|  0%| F|  |TAMS 0x0000000701700000, 0x0000000701700000| Untracked 
|  24|0x0000000701800000, 0x0000000701800000, 0x0000000701900000|  0%| F|  |TAMS 0x0000000701800000, 0x0000000701800000| Untracked 
|  25|0x0000000701900000, 0x0000000701900000, 0x0000000701a00000|  0%| F|  |TAMS 0x0000000701900000, 0x0000000701900000| Untracked 
|  26|0x0000000701a00000, 0x0000000701a00000, 0x0000000701b00000|  0%| F|  |TAMS 0x0000000701a00000, 0x0000000701a00000| Untracked 
|  27|0x0000000701b00000, 0x0000000701b00000, 0x0000000701c00000|  0%| F|  |TAMS 0x0000000701b00000, 0x0000000701b00000| Untracked 
|  28|0x0000000701c00000, 0x0000000701c00000, 0x0000000701d00000|  0%| F|  |TAMS 0x0000000701c00000, 0x0000000701c00000| Untracked 
|  29|0x0000000701d00000, 0x0000000701d00000, 0x0000000701e00000|  0%| F|  |TAMS 0x0000000701d00000, 0x0000000701d00000| Untracked 
|  30|0x0000000701e00000, 0x0000000701e00000, 0x0000000701f00000|  0%| F|  |TAMS 0x0000000701e00000, 0x0000000701e00000| Untracked 
|  31|0x0000000701f00000, 0x0000000701f00000, 0x0000000702000000|  0%| F|  |TAMS 0x0000000701f00000, 0x0000000701f00000| Untracked 
|  32|0x0000000702000000, 0x0000000702000000, 0x0000000702100000|  0%| F|  |TAMS 0x0000000702000000, 0x0000000702000000| Untracked 
|  33|0x0000000702100000, 0x0000000702100000, 0x0000000702200000|  0%| F|  |TAMS 0x0000000702100000, 0x0000000702100000| Untracked 
|  34|0x0000000702200000, 0x0000000702200000, 0x0000000702300000|  0%| F|  |TAMS 0x0000000702200000, 0x0000000702200000| Untracked 
|  35|0x0000000702300000, 0x0000000702300000, 0x0000000702400000|  0%| F|  |TAMS 0x0000000702300000, 0x0000000702300000| Untracked 
|  36|0x0000000702400000, 0x0000000702400000, 0x0000000702500000|  0%| F|  |TAMS 0x0000000702400000, 0x0000000702400000| Untracked 
|  37|0x0000000702500000, 0x0000000702500000, 0x0000000702600000|  0%| F|  |TAMS 0x0000000702500000, 0x0000000702500000| Untracked 
|  38|0x0000000702600000, 0x0000000702600000, 0x0000000702700000|  0%| F|  |TAMS 0x0000000702600000, 0x0000000702600000| Untracked 
|  39|0x0000000702700000, 0x0000000702700000, 0x0000000702800000|  0%| F|  |TAMS 0x0000000702700000, 0x0000000702700000| Untracked 
|  40|0x0000000702800000, 0x0000000702800000, 0x0000000702900000|  0%| F|  |TAMS 0x0000000702800000, 0x0000000702800000| Untracked 
|  41|0x0000000702900000, 0x0000000702900000, 0x0000000702a00000|  0%| F|  |TAMS 0x0000000702900000, 0x0000000702900000| Untracked 
|  42|0x0000000702a00000, 0x0000000702a00000, 0x0000000702b00000|  0%| F|  |TAMS 0x0000000702a00000, 0x0000000702a00000| Untracked 
|  43|0x0000000702b00000, 0x0000000702b00000, 0x0000000702c00000|  0%| F|  |TAMS 0x0000000702b00000, 0x0000000702b00000| Untracked 
|  44|0x0000000702c00000, 0x0000000702c00000, 0x0000000702d00000|  0%| F|  |TAMS 0x0000000702c00000, 0x0000000702c00000| Untracked 
|  45|0x0000000702d00000, 0x0000000702d00000, 0x0000000702e00000|  0%| F|  |TAMS 0x0000000702d00000, 0x0000000702d00000| Untracked 
|  46|0x0000000702e00000, 0x0000000702e00000, 0x0000000702f00000|  0%| F|  |TAMS 0x0000000702e00000, 0x0000000702e00000| Untracked 
|  47|0x0000000702f00000, 0x0000000702f00000, 0x0000000703000000|  0%| F|  |TAMS 0x0000000702f00000, 0x0000000702f00000| Untracked 
|  48|0x0000000703000000, 0x0000000703000000, 0x0000000703100000|  0%| F|  |TAMS 0x0000000703000000, 0x0000000703000000| Untracked 
|  49|0x0000000703100000, 0x0000000703100000, 0x0000000703200000|  0%| F|  |TAMS 0x0000000703100000, 0x0000000703100000| Untracked 
|  50|0x0000000703200000, 0x0000000703200000, 0x0000000703300000|  0%| F|  |TAMS 0x0000000703200000, 0x0000000703200000| Untracked 
|  51|0x0000000703300000, 0x0000000703300000, 0x0000000703400000|  0%| F|  |TAMS 0x0000000703300000, 0x0000000703300000| Untracked 
|  52|0x0000000703400000, 0x0000000703400000, 0x0000000703500000|  0%| F|  |TAMS 0x0000000703400000, 0x0000000703400000| Untracked 
|  53|0x0000000703500000, 0x0000000703500000, 0x0000000703600000|  0%| F|  |TAMS 0x0000000703500000, 0x0000000703500000| Untracked 
|  54|0x0000000703600000, 0x0000000703600000, 0x0000000703700000|  0%| F|  |TAMS 0x0000000703600000, 0x0000000703600000| Untracked 
|  55|0x0000000703700000, 0x0000000703700000, 0x0000000703800000|  0%| F|  |TAMS 0x0000000703700000, 0x0000000703700000| Untracked 
|  56|0x0000000703800000, 0x0000000703800000, 0x0000000703900000|  0%| F|  |TAMS 0x0000000703800000, 0x0000000703800000| Untracked 
|  57|0x0000000703900000, 0x0000000703900000, 0x0000000703a00000|  0%| F|  |TAMS 0x0000000703900000, 0x0000000703900000| Untracked 
|  58|0x0000000703a00000, 0x0000000703a00000, 0x0000000703b00000|  0%| F|  |TAMS 0x0000000703a00000, 0x0000000703a00000| Untracked 
|  59|0x0000000703b00000, 0x0000000703b00000, 0x0000000703c00000|  0%| F|  |TAMS 0x0000000703b00000, 0x0000000703b00000| Untracked 
|  60|0x0000000703c00000, 0x0000000703c00000, 0x0000000703d00000|  0%| F|  |TAMS 0x0000000703c00000, 0x0000000703c00000| Untracked 
|  61|0x0000000703d00000, 0x0000000703d00000, 0x0000000703e00000|  0%| F|  |TAMS 0x0000000703d00000, 0x0000000703d00000| Untracked 
|  62|0x0000000703e00000, 0x0000000703e00000, 0x0000000703f00000|  0%| F|  |TAMS 0x0000000703e00000, 0x0000000703e00000| Untracked 
|  63|0x0000000703f00000, 0x0000000703f00000, 0x0000000704000000|  0%| F|  |TAMS 0x0000000703f00000, 0x0000000703f00000| Untracked 
|  64|0x0000000704000000, 0x0000000704000000, 0x0000000704100000|  0%| F|  |TAMS 0x0000000704000000, 0x0000000704000000| Untracked 
|  65|0x0000000704100000, 0x0000000704100000, 0x0000000704200000|  0%| F|  |TAMS 0x0000000704100000, 0x0000000704100000| Untracked 
|  66|0x0000000704200000, 0x0000000704200000, 0x0000000704300000|  0%| F|  |TAMS 0x0000000704200000, 0x0000000704200000| Untracked 
|  67|0x0000000704300000, 0x0000000704300000, 0x0000000704400000|  0%| F|  |TAMS 0x0000000704300000, 0x0000000704300000| Untracked 
|  68|0x0000000704400000, 0x0000000704400000, 0x0000000704500000|  0%| F|  |TAMS 0x0000000704400000, 0x0000000704400000| Untracked 
|  69|0x0000000704500000, 0x0000000704500000, 0x0000000704600000|  0%| F|  |TAMS 0x0000000704500000, 0x0000000704500000| Untracked 
|  70|0x0000000704600000, 0x0000000704600000, 0x0000000704700000|  0%| F|  |TAMS 0x0000000704600000, 0x0000000704600000| Untracked 
|  71|0x0000000704700000, 0x0000000704700000, 0x0000000704800000|  0%| F|  |TAMS 0x0000000704700000, 0x0000000704700000| Untracked 
|  72|0x0000000704800000, 0x0000000704800000, 0x0000000704900000|  0%| F|  |TAMS 0x0000000704800000, 0x0000000704800000| Untracked 
|  73|0x0000000704900000, 0x0000000704900000, 0x0000000704a00000|  0%| F|  |TAMS 0x0000000704900000, 0x0000000704900000| Untracked 
|  74|0x0000000704a00000, 0x0000000704a00000, 0x0000000704b00000|  0%| F|  |TAMS 0x0000000704a00000, 0x0000000704a00000| Untracked 
|  75|0x0000000704b00000, 0x0000000704b00000, 0x0000000704c00000|  0%| F|  |TAMS 0x0000000704b00000, 0x0000000704b00000| Untracked 
|  76|0x0000000704c00000, 0x0000000704c00000, 0x0000000704d00000|  0%| F|  |TAMS 0x0000000704c00000, 0x0000000704c00000| Untracked 
|  77|0x0000000704d00000, 0x0000000704d00000, 0x0000000704e00000|  0%| F|  |TAMS 0x0000000704d00000, 0x0000000704d00000| Untracked 
|  78|0x0000000704e00000, 0x0000000704e00000, 0x0000000704f00000|  0%| F|  |TAMS 0x0000000704e00000, 0x0000000704e00000| Untracked 
|  79|0x0000000704f00000, 0x0000000704f00000, 0x0000000705000000|  0%| F|  |TAMS 0x0000000704f00000, 0x0000000704f00000| Untracked 
|  80|0x0000000705000000, 0x0000000705000000, 0x0000000705100000|  0%| F|  |TAMS 0x0000000705000000, 0x0000000705000000| Untracked 
|  81|0x0000000705100000, 0x0000000705100000, 0x0000000705200000|  0%| F|  |TAMS 0x0000000705100000, 0x0000000705100000| Untracked 
|  82|0x0000000705200000, 0x0000000705200000, 0x0000000705300000|  0%| F|  |TAMS 0x0000000705200000, 0x0000000705200000| Untracked 
|  83|0x0000000705300000, 0x0000000705300000, 0x0000000705400000|  0%| F|  |TAMS 0x0000000705300000, 0x0000000705300000| Untracked 
|  84|0x0000000705400000, 0x0000000705400000, 0x0000000705500000|  0%| F|  |TAMS 0x0000000705400000, 0x0000000705400000| Untracked 
|  85|0x0000000705500000, 0x0000000705500000, 0x0000000705600000|  0%| F|  |TAMS 0x0000000705500000, 0x0000000705500000| Untracked 
|  86|0x0000000705600000, 0x0000000705600000, 0x0000000705700000|  0%| F|  |TAMS 0x0000000705600000, 0x0000000705600000| Untracked 
|  87|0x0000000705700000, 0x0000000705700000, 0x0000000705800000|  0%| F|  |TAMS 0x0000000705700000, 0x0000000705700000| Untracked 
|  88|0x0000000705800000, 0x0000000705800000, 0x0000000705900000|  0%| F|  |TAMS 0x0000000705800000, 0x0000000705800000| Untracked 
|  89|0x0000000705900000, 0x0000000705900000, 0x0000000705a00000|  0%| F|  |TAMS 0x0000000705900000, 0x0000000705900000| Untracked 
|  90|0x0000000705a00000, 0x0000000705a00000, 0x0000000705b00000|  0%| F|  |TAMS 0x0000000705a00000, 0x0000000705a00000| Untracked 
|  91|0x0000000705b00000, 0x0000000705b00000, 0x0000000705c00000|  0%| F|  |TAMS 0x0000000705b00000, 0x0000000705b00000| Untracked 
|  92|0x0000000705c00000, 0x0000000705c00000, 0x0000000705d00000|  0%| F|  |TAMS 0x0000000705c00000, 0x0000000705c00000| Untracked 
|  93|0x0000000705d00000, 0x0000000705d00000, 0x0000000705e00000|  0%| F|  |TAMS 0x0000000705d00000, 0x0000000705d00000| Untracked 
|  94|0x0000000705e00000, 0x0000000705e00000, 0x0000000705f00000|  0%| F|  |TAMS 0x0000000705e00000, 0x0000000705e00000| Untracked 
|  95|0x0000000705f00000, 0x0000000705f00000, 0x0000000706000000|  0%| F|  |TAMS 0x0000000705f00000, 0x0000000705f00000| Untracked 
|  96|0x0000000706000000, 0x0000000706000000, 0x0000000706100000|  0%| F|  |TAMS 0x0000000706000000, 0x0000000706000000| Untracked 
|  97|0x0000000706100000, 0x0000000706100000, 0x0000000706200000|  0%| F|  |TAMS 0x0000000706100000, 0x0000000706100000| Untracked 
|  98|0x0000000706200000, 0x0000000706200000, 0x0000000706300000|  0%| F|  |TAMS 0x0000000706200000, 0x0000000706200000| Untracked 
|  99|0x0000000706300000, 0x0000000706300000, 0x0000000706400000|  0%| F|  |TAMS 0x0000000706300000, 0x0000000706300000| Untracked 
| 100|0x0000000706400000, 0x0000000706400000, 0x0000000706500000|  0%| F|  |TAMS 0x0000000706400000, 0x0000000706400000| Untracked 
| 101|0x0000000706500000, 0x0000000706500000, 0x0000000706600000|  0%| F|  |TAMS 0x0000000706500000, 0x0000000706500000| Untracked 
| 102|0x0000000706600000, 0x0000000706600000, 0x0000000706700000|  0%| F|  |TAMS 0x0000000706600000, 0x0000000706600000| Untracked 
| 103|0x0000000706700000, 0x0000000706700000, 0x0000000706800000|  0%| F|  |TAMS 0x0000000706700000, 0x0000000706700000| Untracked 
| 104|0x0000000706800000, 0x0000000706800000, 0x0000000706900000|  0%| F|  |TAMS 0x0000000706800000, 0x0000000706800000| Untracked 
| 105|0x0000000706900000, 0x0000000706900000, 0x0000000706a00000|  0%| F|  |TAMS 0x0000000706900000, 0x0000000706900000| Untracked 
| 106|0x0000000706a00000, 0x0000000706a00000, 0x0000000706b00000|  0%| F|  |TAMS 0x0000000706a00000, 0x0000000706a00000| Untracked 
| 107|0x0000000706b00000, 0x0000000706b00000, 0x0000000706c00000|  0%| F|  |TAMS 0x0000000706b00000, 0x0000000706b00000| Untracked 
| 108|0x0000000706c00000, 0x0000000706c00000, 0x0000000706d00000|  0%| F|  |TAMS 0x0000000706c00000, 0x0000000706c00000| Untracked 
| 109|0x0000000706d00000, 0x0000000706d00000, 0x0000000706e00000|  0%| F|  |TAMS 0x0000000706d00000, 0x0000000706d00000| Untracked 
| 110|0x0000000706e00000, 0x0000000706e00000, 0x0000000706f00000|  0%| F|  |TAMS 0x0000000706e00000, 0x0000000706e00000| Untracked 
| 111|0x0000000706f00000, 0x0000000706f00000, 0x0000000707000000|  0%| F|  |TAMS 0x0000000706f00000, 0x0000000706f00000| Untracked 
| 112|0x0000000707000000, 0x0000000707000000, 0x0000000707100000|  0%| F|  |TAMS 0x0000000707000000, 0x0000000707000000| Untracked 
| 113|0x0000000707100000, 0x0000000707100000, 0x0000000707200000|  0%| F|  |TAMS 0x0000000707100000, 0x0000000707100000| Untracked 
| 114|0x0000000707200000, 0x0000000707200000, 0x0000000707300000|  0%| F|  |TAMS 0x0000000707200000, 0x0000000707200000| Untracked 
| 115|0x0000000707300000, 0x0000000707300000, 0x0000000707400000|  0%| F|  |TAMS 0x0000000707300000, 0x0000000707300000| Untracked 
| 116|0x0000000707400000, 0x0000000707400000, 0x0000000707500000|  0%| F|  |TAMS 0x0000000707400000, 0x0000000707400000| Untracked 
| 117|0x0000000707500000, 0x0000000707500000, 0x0000000707600000|  0%| F|  |TAMS 0x0000000707500000, 0x0000000707500000| Untracked 
| 118|0x0000000707600000, 0x0000000707600000, 0x0000000707700000|  0%| F|  |TAMS 0x0000000707600000, 0x0000000707600000| Untracked 
| 119|0x0000000707700000, 0x0000000707700000, 0x0000000707800000|  0%| F|  |TAMS 0x0000000707700000, 0x0000000707700000| Untracked 
| 120|0x0000000707800000, 0x0000000707800000, 0x0000000707900000|  0%| F|  |TAMS 0x0000000707800000, 0x0000000707800000| Untracked 
| 121|0x0000000707900000, 0x0000000707900000, 0x0000000707a00000|  0%| F|  |TAMS 0x0000000707900000, 0x0000000707900000| Untracked 
| 122|0x0000000707a00000, 0x0000000707a00000, 0x0000000707b00000|  0%| F|  |TAMS 0x0000000707a00000, 0x0000000707a00000| Untracked 
| 123|0x0000000707b00000, 0x0000000707b00000, 0x0000000707c00000|  0%| F|  |TAMS 0x0000000707b00000, 0x0000000707b00000| Untracked 
| 124|0x0000000707c00000, 0x0000000707c00000, 0x0000000707d00000|  0%| F|  |TAMS 0x0000000707c00000, 0x0000000707c00000| Untracked 
| 125|0x0000000707d00000, 0x0000000707d00000, 0x0000000707e00000|  0%| F|  |TAMS 0x0000000707d00000, 0x0000000707d00000| Untracked 
| 126|0x0000000707e00000, 0x0000000707e00000, 0x0000000707f00000|  0%| F|  |TAMS 0x0000000707e00000, 0x0000000707e00000| Untracked 
| 127|0x0000000707f00000, 0x0000000707f00000, 0x0000000708000000|  0%| F|  |TAMS 0x0000000707f00000, 0x0000000707f00000| Untracked 
| 128|0x0000000708000000, 0x0000000708000000, 0x0000000708100000|  0%| F|  |TAMS 0x0000000708000000, 0x0000000708000000| Untracked 
| 129|0x0000000708100000, 0x0000000708100000, 0x0000000708200000|  0%| F|  |TAMS 0x0000000708100000, 0x0000000708100000| Untracked 
| 130|0x0000000708200000, 0x0000000708200000, 0x0000000708300000|  0%| F|  |TAMS 0x0000000708200000, 0x0000000708200000| Untracked 
| 131|0x0000000708300000, 0x0000000708300000, 0x0000000708400000|  0%| F|  |TAMS 0x0000000708300000, 0x0000000708300000| Untracked 
| 132|0x0000000708400000, 0x0000000708400000, 0x0000000708500000|  0%| F|  |TAMS 0x0000000708400000, 0x0000000708400000| Untracked 
| 133|0x0000000708500000, 0x0000000708500000, 0x0000000708600000|  0%| F|  |TAMS 0x0000000708500000, 0x0000000708500000| Untracked 
| 134|0x0000000708600000, 0x0000000708600000, 0x0000000708700000|  0%| F|  |TAMS 0x0000000708600000, 0x0000000708600000| Untracked 
| 135|0x0000000708700000, 0x0000000708700000, 0x0000000708800000|  0%| F|  |TAMS 0x0000000708700000, 0x0000000708700000| Untracked 
| 136|0x0000000708800000, 0x0000000708800000, 0x0000000708900000|  0%| F|  |TAMS 0x0000000708800000, 0x0000000708800000| Untracked 
| 137|0x0000000708900000, 0x0000000708900000, 0x0000000708a00000|  0%| F|  |TAMS 0x0000000708900000, 0x0000000708900000| Untracked 
| 138|0x0000000708a00000, 0x0000000708a00000, 0x0000000708b00000|  0%| F|  |TAMS 0x0000000708a00000, 0x0000000708a00000| Untracked 
| 139|0x0000000708b00000, 0x0000000708b00000, 0x0000000708c00000|  0%| F|  |TAMS 0x0000000708b00000, 0x0000000708b00000| Untracked 
| 140|0x0000000708c00000, 0x0000000708c00000, 0x0000000708d00000|  0%| F|  |TAMS 0x0000000708c00000, 0x0000000708c00000| Untracked 
| 141|0x0000000708d00000, 0x0000000708d00000, 0x0000000708e00000|  0%| F|  |TAMS 0x0000000708d00000, 0x0000000708d00000| Untracked 
| 142|0x0000000708e00000, 0x0000000708e00000, 0x0000000708f00000|  0%| F|  |TAMS 0x0000000708e00000, 0x0000000708e00000| Untracked 
| 143|0x0000000708f00000, 0x0000000708f00000, 0x0000000709000000|  0%| F|  |TAMS 0x0000000708f00000, 0x0000000708f00000| Untracked 
| 144|0x0000000709000000, 0x0000000709000000, 0x0000000709100000|  0%| F|  |TAMS 0x0000000709000000, 0x0000000709000000| Untracked 
| 145|0x0000000709100000, 0x0000000709100000, 0x0000000709200000|  0%| F|  |TAMS 0x0000000709100000, 0x0000000709100000| Untracked 
| 146|0x0000000709200000, 0x0000000709200000, 0x0000000709300000|  0%| F|  |TAMS 0x0000000709200000, 0x0000000709200000| Untracked 
| 147|0x0000000709300000, 0x0000000709300000, 0x0000000709400000|  0%| F|  |TAMS 0x0000000709300000, 0x0000000709300000| Untracked 
| 148|0x0000000709400000, 0x0000000709400000, 0x0000000709500000|  0%| F|  |TAMS 0x0000000709400000, 0x0000000709400000| Untracked 
| 149|0x0000000709500000, 0x0000000709500000, 0x0000000709600000|  0%| F|  |TAMS 0x0000000709500000, 0x0000000709500000| Untracked 
| 150|0x0000000709600000, 0x0000000709600000, 0x0000000709700000|  0%| F|  |TAMS 0x0000000709600000, 0x0000000709600000| Untracked 
| 151|0x0000000709700000, 0x0000000709700000, 0x0000000709800000|  0%| F|  |TAMS 0x0000000709700000, 0x0000000709700000| Untracked 
| 152|0x0000000709800000, 0x0000000709800000, 0x0000000709900000|  0%| F|  |TAMS 0x0000000709800000, 0x0000000709800000| Untracked 
| 153|0x0000000709900000, 0x0000000709900000, 0x0000000709a00000|  0%| F|  |TAMS 0x0000000709900000, 0x0000000709900000| Untracked 
| 154|0x0000000709a00000, 0x0000000709a00000, 0x0000000709b00000|  0%| F|  |TAMS 0x0000000709a00000, 0x0000000709a00000| Untracked 
| 155|0x0000000709b00000, 0x0000000709b00000, 0x0000000709c00000|  0%| F|  |TAMS 0x0000000709b00000, 0x0000000709b00000| Untracked 
| 156|0x0000000709c00000, 0x0000000709c00000, 0x0000000709d00000|  0%| F|  |TAMS 0x0000000709c00000, 0x0000000709c00000| Untracked 
| 157|0x0000000709d00000, 0x0000000709d00000, 0x0000000709e00000|  0%| F|  |TAMS 0x0000000709d00000, 0x0000000709d00000| Untracked 
| 158|0x0000000709e00000, 0x0000000709e00000, 0x0000000709f00000|  0%| F|  |TAMS 0x0000000709e00000, 0x0000000709e00000| Untracked 
| 159|0x0000000709f00000, 0x0000000709f00000, 0x000000070a000000|  0%| F|  |TAMS 0x0000000709f00000, 0x0000000709f00000| Untracked 
| 160|0x000000070a000000, 0x000000070a000000, 0x000000070a100000|  0%| F|  |TAMS 0x000000070a000000, 0x000000070a000000| Untracked 
| 161|0x000000070a100000, 0x000000070a100000, 0x000000070a200000|  0%| F|  |TAMS 0x000000070a100000, 0x000000070a100000| Untracked 
| 162|0x000000070a200000, 0x000000070a200000, 0x000000070a300000|  0%| F|  |TAMS 0x000000070a200000, 0x000000070a200000| Untracked 
| 163|0x000000070a300000, 0x000000070a300000, 0x000000070a400000|  0%| F|  |TAMS 0x000000070a300000, 0x000000070a300000| Untracked 
| 164|0x000000070a400000, 0x000000070a400000, 0x000000070a500000|  0%| F|  |TAMS 0x000000070a400000, 0x000000070a400000| Untracked 
| 165|0x000000070a500000, 0x000000070a500000, 0x000000070a600000|  0%| F|  |TAMS 0x000000070a500000, 0x000000070a500000| Untracked 
| 166|0x000000070a600000, 0x000000070a600000, 0x000000070a700000|  0%| F|  |TAMS 0x000000070a600000, 0x000000070a600000| Untracked 
| 167|0x000000070a700000, 0x000000070a700000, 0x000000070a800000|  0%| F|  |TAMS 0x000000070a700000, 0x000000070a700000| Untracked 
| 168|0x000000070a800000, 0x000000070a800000, 0x000000070a900000|  0%| F|  |TAMS 0x000000070a800000, 0x000000070a800000| Untracked 
| 169|0x000000070a900000, 0x000000070a900000, 0x000000070aa00000|  0%| F|  |TAMS 0x000000070a900000, 0x000000070a900000| Untracked 
| 170|0x000000070aa00000, 0x000000070aa00000, 0x000000070ab00000|  0%| F|  |TAMS 0x000000070aa00000, 0x000000070aa00000| Untracked 
| 171|0x000000070ab00000, 0x000000070ab00000, 0x000000070ac00000|  0%| F|  |TAMS 0x000000070ab00000, 0x000000070ab00000| Untracked 
| 172|0x000000070ac00000, 0x000000070ac00000, 0x000000070ad00000|  0%| F|  |TAMS 0x000000070ac00000, 0x000000070ac00000| Untracked 
| 173|0x000000070ad00000, 0x000000070ad00000, 0x000000070ae00000|  0%| F|  |TAMS 0x000000070ad00000, 0x000000070ad00000| Untracked 
| 174|0x000000070ae00000, 0x000000070ae00000, 0x000000070af00000|  0%| F|  |TAMS 0x000000070ae00000, 0x000000070ae00000| Untracked 
| 175|0x000000070af00000, 0x000000070af00000, 0x000000070b000000|  0%| F|  |TAMS 0x000000070af00000, 0x000000070af00000| Untracked 
| 176|0x000000070b000000, 0x000000070b000000, 0x000000070b100000|  0%| F|  |TAMS 0x000000070b000000, 0x000000070b000000| Untracked 
| 177|0x000000070b100000, 0x000000070b100000, 0x000000070b200000|  0%| F|  |TAMS 0x000000070b100000, 0x000000070b100000| Untracked 
| 178|0x000000070b200000, 0x000000070b200000, 0x000000070b300000|  0%| F|  |TAMS 0x000000070b200000, 0x000000070b200000| Untracked 
| 179|0x000000070b300000, 0x000000070b300000, 0x000000070b400000|  0%| F|  |TAMS 0x000000070b300000, 0x000000070b300000| Untracked 
| 180|0x000000070b400000, 0x000000070b400000, 0x000000070b500000|  0%| F|  |TAMS 0x000000070b400000, 0x000000070b400000| Untracked 
| 181|0x000000070b500000, 0x000000070b500000, 0x000000070b600000|  0%| F|  |TAMS 0x000000070b500000, 0x000000070b500000| Untracked 
| 182|0x000000070b600000, 0x000000070b600000, 0x000000070b700000|  0%| F|  |TAMS 0x000000070b600000, 0x000000070b600000| Untracked 
| 183|0x000000070b700000, 0x000000070b700000, 0x000000070b800000|  0%| F|  |TAMS 0x000000070b700000, 0x000000070b700000| Untracked 
| 184|0x000000070b800000, 0x000000070b800000, 0x000000070b900000|  0%| F|  |TAMS 0x000000070b800000, 0x000000070b800000| Untracked 
| 185|0x000000070b900000, 0x000000070b900000, 0x000000070ba00000|  0%| F|  |TAMS 0x000000070b900000, 0x000000070b900000| Untracked 
| 186|0x000000070ba00000, 0x000000070ba00000, 0x000000070bb00000|  0%| F|  |TAMS 0x000000070ba00000, 0x000000070ba00000| Untracked 
| 187|0x000000070bb00000, 0x000000070bb00000, 0x000000070bc00000|  0%| F|  |TAMS 0x000000070bb00000, 0x000000070bb00000| Untracked 
| 188|0x000000070bc00000, 0x000000070bc00000, 0x000000070bd00000|  0%| F|  |TAMS 0x000000070bc00000, 0x000000070bc00000| Untracked 
| 189|0x000000070bd00000, 0x000000070bd00000, 0x000000070be00000|  0%| F|  |TAMS 0x000000070bd00000, 0x000000070bd00000| Untracked 
| 190|0x000000070be00000, 0x000000070be00000, 0x000000070bf00000|  0%| F|  |TAMS 0x000000070be00000, 0x000000070be00000| Untracked 
| 191|0x000000070bf00000, 0x000000070bf00000, 0x000000070c000000|  0%| F|  |TAMS 0x000000070bf00000, 0x000000070bf00000| Untracked 
| 192|0x000000070c000000, 0x000000070c000000, 0x000000070c100000|  0%| F|  |TAMS 0x000000070c000000, 0x000000070c000000| Untracked 
| 193|0x000000070c100000, 0x000000070c100000, 0x000000070c200000|  0%| F|  |TAMS 0x000000070c100000, 0x000000070c100000| Untracked 
| 194|0x000000070c200000, 0x000000070c200000, 0x000000070c300000|  0%| F|  |TAMS 0x000000070c200000, 0x000000070c200000| Untracked 
| 195|0x000000070c300000, 0x000000070c300000, 0x000000070c400000|  0%| F|  |TAMS 0x000000070c300000, 0x000000070c300000| Untracked 
| 196|0x000000070c400000, 0x000000070c400000, 0x000000070c500000|  0%| F|  |TAMS 0x000000070c400000, 0x000000070c400000| Untracked 
| 197|0x000000070c500000, 0x000000070c500000, 0x000000070c600000|  0%| F|  |TAMS 0x000000070c500000, 0x000000070c500000| Untracked 
| 198|0x000000070c600000, 0x000000070c600000, 0x000000070c700000|  0%| F|  |TAMS 0x000000070c600000, 0x000000070c600000| Untracked 
| 199|0x000000070c700000, 0x000000070c700000, 0x000000070c800000|  0%| F|  |TAMS 0x000000070c700000, 0x000000070c700000| Untracked 
| 200|0x000000070c800000, 0x000000070c800000, 0x000000070c900000|  0%| F|  |TAMS 0x000000070c800000, 0x000000070c800000| Untracked 
| 201|0x000000070c900000, 0x000000070c900000, 0x000000070ca00000|  0%| F|  |TAMS 0x000000070c900000, 0x000000070c900000| Untracked 
| 202|0x000000070ca00000, 0x000000070ca00000, 0x000000070cb00000|  0%| F|  |TAMS 0x000000070ca00000, 0x000000070ca00000| Untracked 
| 203|0x000000070cb00000, 0x000000070cb00000, 0x000000070cc00000|  0%| F|  |TAMS 0x000000070cb00000, 0x000000070cb00000| Untracked 
| 204|0x000000070cc00000, 0x000000070cc00000, 0x000000070cd00000|  0%| F|  |TAMS 0x000000070cc00000, 0x000000070cc00000| Untracked 
| 205|0x000000070cd00000, 0x000000070cd00000, 0x000000070ce00000|  0%| F|  |TAMS 0x000000070cd00000, 0x000000070cd00000| Untracked 
| 206|0x000000070ce00000, 0x000000070ce00000, 0x000000070cf00000|  0%| F|  |TAMS 0x000000070ce00000, 0x000000070ce00000| Untracked 
| 207|0x000000070cf00000, 0x000000070cf00000, 0x000000070d000000|  0%| F|  |TAMS 0x000000070cf00000, 0x000000070cf00000| Untracked 
| 208|0x000000070d000000, 0x000000070d000000, 0x000000070d100000|  0%| F|  |TAMS 0x000000070d000000, 0x000000070d000000| Untracked 
| 209|0x000000070d100000, 0x000000070d100000, 0x000000070d200000|  0%| F|  |TAMS 0x000000070d100000, 0x000000070d100000| Untracked 
| 210|0x000000070d200000, 0x000000070d200000, 0x000000070d300000|  0%| F|  |TAMS 0x000000070d200000, 0x000000070d200000| Untracked 
| 211|0x000000070d300000, 0x000000070d300000, 0x000000070d400000|  0%| F|  |TAMS 0x000000070d300000, 0x000000070d300000| Untracked 
| 212|0x000000070d400000, 0x000000070d400000, 0x000000070d500000|  0%| F|  |TAMS 0x000000070d400000, 0x000000070d400000| Untracked 
| 213|0x000000070d500000, 0x000000070d500000, 0x000000070d600000|  0%| F|  |TAMS 0x000000070d500000, 0x000000070d500000| Untracked 
| 214|0x000000070d600000, 0x000000070d600000, 0x000000070d700000|  0%| F|  |TAMS 0x000000070d600000, 0x000000070d600000| Untracked 
| 215|0x000000070d700000, 0x000000070d700000, 0x000000070d800000|  0%| F|  |TAMS 0x000000070d700000, 0x000000070d700000| Untracked 
| 216|0x000000070d800000, 0x000000070d800000, 0x000000070d900000|  0%| F|  |TAMS 0x000000070d800000, 0x000000070d800000| Untracked 
| 217|0x000000070d900000, 0x000000070d900000, 0x000000070da00000|  0%| F|  |TAMS 0x000000070d900000, 0x000000070d900000| Untracked 
| 218|0x000000070da00000, 0x000000070da00000, 0x000000070db00000|  0%| F|  |TAMS 0x000000070da00000, 0x000000070da00000| Untracked 
| 219|0x000000070db00000, 0x000000070db00000, 0x000000070dc00000|  0%| F|  |TAMS 0x000000070db00000, 0x000000070db00000| Untracked 
| 220|0x000000070dc00000, 0x000000070dc00000, 0x000000070dd00000|  0%| F|  |TAMS 0x000000070dc00000, 0x000000070dc00000| Untracked 
| 221|0x000000070dd00000, 0x000000070dd00000, 0x000000070de00000|  0%| F|  |TAMS 0x000000070dd00000, 0x000000070dd00000| Untracked 
| 222|0x000000070de00000, 0x000000070de00000, 0x000000070df00000|  0%| F|  |TAMS 0x000000070de00000, 0x000000070de00000| Untracked 
| 223|0x000000070df00000, 0x000000070df00000, 0x000000070e000000|  0%| F|  |TAMS 0x000000070df00000, 0x000000070df00000| Untracked 
| 224|0x000000070e000000, 0x000000070e000000, 0x000000070e100000|  0%| F|  |TAMS 0x000000070e000000, 0x000000070e000000| Untracked 
| 225|0x000000070e100000, 0x000000070e100000, 0x000000070e200000|  0%| F|  |TAMS 0x000000070e100000, 0x000000070e100000| Untracked 
| 226|0x000000070e200000, 0x000000070e200000, 0x000000070e300000|  0%| F|  |TAMS 0x000000070e200000, 0x000000070e200000| Untracked 
| 227|0x000000070e300000, 0x000000070e300000, 0x000000070e400000|  0%| F|  |TAMS 0x000000070e300000, 0x000000070e300000| Untracked 
| 228|0x000000070e400000, 0x000000070e400000, 0x000000070e500000|  0%| F|  |TAMS 0x000000070e400000, 0x000000070e400000| Untracked 
| 229|0x000000070e500000, 0x000000070e500000, 0x000000070e600000|  0%| F|  |TAMS 0x000000070e500000, 0x000000070e500000| Untracked 
| 230|0x000000070e600000, 0x000000070e600000, 0x000000070e700000|  0%| F|  |TAMS 0x000000070e600000, 0x000000070e600000| Untracked 
| 231|0x000000070e700000, 0x000000070e700000, 0x000000070e800000|  0%| F|  |TAMS 0x000000070e700000, 0x000000070e700000| Untracked 
| 232|0x000000070e800000, 0x000000070e800000, 0x000000070e900000|  0%| F|  |TAMS 0x000000070e800000, 0x000000070e800000| Untracked 
| 233|0x000000070e900000, 0x000000070e900000, 0x000000070ea00000|  0%| F|  |TAMS 0x000000070e900000, 0x000000070e900000| Untracked 
| 234|0x000000070ea00000, 0x000000070ea00000, 0x000000070eb00000|  0%| F|  |TAMS 0x000000070ea00000, 0x000000070ea00000| Untracked 
| 235|0x000000070eb00000, 0x000000070eb00000, 0x000000070ec00000|  0%| F|  |TAMS 0x000000070eb00000, 0x000000070eb00000| Untracked 
| 236|0x000000070ec00000, 0x000000070ec00000, 0x000000070ed00000|  0%| F|  |TAMS 0x000000070ec00000, 0x000000070ec00000| Untracked 
| 237|0x000000070ed00000, 0x000000070ed00000, 0x000000070ee00000|  0%| F|  |TAMS 0x000000070ed00000, 0x000000070ed00000| Untracked 
| 238|0x000000070ee00000, 0x000000070ee00000, 0x000000070ef00000|  0%| F|  |TAMS 0x000000070ee00000, 0x000000070ee00000| Untracked 
| 239|0x000000070ef00000, 0x000000070ef00000, 0x000000070f000000|  0%| F|  |TAMS 0x000000070ef00000, 0x000000070ef00000| Untracked 
| 240|0x000000070f000000, 0x000000070f000000, 0x000000070f100000|  0%| F|  |TAMS 0x000000070f000000, 0x000000070f000000| Untracked 
| 241|0x000000070f100000, 0x000000070f100000, 0x000000070f200000|  0%| F|  |TAMS 0x000000070f100000, 0x000000070f100000| Untracked 
| 242|0x000000070f200000, 0x000000070f277a50, 0x000000070f300000| 46%| E|  |TAMS 0x000000070f200000, 0x000000070f200000| Complete 
| 243|0x000000070f300000, 0x000000070f400000, 0x000000070f400000|100%| E|CS|TAMS 0x000000070f300000, 0x000000070f300000| Complete 
| 244|0x000000070f400000, 0x000000070f500000, 0x000000070f500000|100%| E|CS|TAMS 0x000000070f400000, 0x000000070f400000| Complete 
| 245|0x000000070f500000, 0x000000070f600000, 0x000000070f600000|100%| E|CS|TAMS 0x000000070f500000, 0x000000070f500000| Complete 
| 246|0x000000070f600000, 0x000000070f700000, 0x000000070f700000|100%| E|CS|TAMS 0x000000070f600000, 0x000000070f600000| Complete 
| 247|0x000000070f700000, 0x000000070f800000, 0x000000070f800000|100%| E|CS|TAMS 0x000000070f700000, 0x000000070f700000| Complete 
| 248|0x000000070f800000, 0x000000070f900000, 0x000000070f900000|100%| E|CS|TAMS 0x000000070f800000, 0x000000070f800000| Complete 
| 249|0x000000070f900000, 0x000000070fa00000, 0x000000070fa00000|100%| E|CS|TAMS 0x000000070f900000, 0x000000070f900000| Complete 
| 250|0x000000070fa00000, 0x000000070fb00000, 0x000000070fb00000|100%| E|CS|TAMS 0x000000070fa00000, 0x000000070fa00000| Complete 
| 251|0x000000070fb00000, 0x000000070fc00000, 0x000000070fc00000|100%| E|CS|TAMS 0x000000070fb00000, 0x000000070fb00000| Complete 
| 252|0x000000070fc00000, 0x000000070fd00000, 0x000000070fd00000|100%| E|CS|TAMS 0x000000070fc00000, 0x000000070fc00000| Complete 
| 253|0x000000070fd00000, 0x000000070fe00000, 0x000000070fe00000|100%| E|  |TAMS 0x000000070fd00000, 0x000000070fd00000| Complete 
| 254|0x000000070fe00000, 0x000000070ff00000, 0x000000070ff00000|100%| E|CS|TAMS 0x000000070fe00000, 0x000000070fe00000| Complete 
| 255|0x000000070ff00000, 0x0000000710000000, 0x0000000710000000|100%| E|CS|TAMS 0x000000070ff00000, 0x000000070ff00000| Complete 
|3070|0x00000007bfe00000, 0x00000007bfe51000, 0x00000007bff00000| 31%|OA|  |TAMS 0x00000007bfe00000, 0x00000007bfe00000| Untracked 
|3071|0x00000007bff00000, 0x00000007bff7b000, 0x00000007c0000000| 48%|CA|  |TAMS 0x00000007bff00000, 0x00000007bff00000| Untracked 

Card table byte_map: [0x0000000103f60000,0x0000000104760000] _byte_map_base: 0x0000000100760000

Marking Bits (Prev, Next): (CMBitMap*) 0x00007f8c45808a18, (CMBitMap*) 0x00007f8c45808a58
 Prev Bits: [0x000000011e9b9000, 0x00000001229b9000)
 Next Bits: [0x00000001229b9000, 0x00000001269b9000)

Polling page: 0x0000000100ec8000

Metaspace:

Usage:
  Non-class:      6.93 MB capacity,     5.17 MB ( 75%) used,     1.75 MB ( 25%) free+waste,     9.94 KB ( <1%) overhead. 
      Class:    871.00 KB capacity,   679.80 KB ( 78%) used,   186.14 KB ( 21%) free+waste,     5.06 KB ( <1%) overhead. 
       Both:      7.78 MB capacity,     5.83 MB ( 75%) used,     1.93 MB ( 25%) free+waste,    15.00 KB ( <1%) overhead. 

Virtual space:
  Non-class space:        8.00 MB reserved,       7.00 MB ( 88%) committed 
      Class space:        1.00 GB reserved,     896.00 KB ( <1%) committed 
             Both:        1.01 GB reserved,       7.88 MB ( <1%) committed 

Chunk freelists:
   Non-Class:  34.00 KB
       Class:  5.00 KB
        Both:  39.00 KB

MaxMetaspaceSize: unlimited
CompressedClassSpaceSize: 1.00 GB

CodeHeap 'non-profiled nmethods': size=120028Kb used=210Kb max_used=210Kb free=119817Kb
 bounds [0x0000000117482000, 0x00000001176f2000, 0x000000011e9b9000]
CodeHeap 'profiled nmethods': size=120028Kb used=1328Kb max_used=1328Kb free=118699Kb
 bounds [0x000000010ff4b000, 0x00000001101bb000, 0x0000000117482000]
CodeHeap 'non-nmethods': size=5704Kb used=1168Kb max_used=1182Kb free=4535Kb
 bounds [0x000000010f9b9000, 0x000000010fc29000, 0x000000010ff4b000]
 total_blobs=1163 nmethods=738 adapters=339
 compilation: enabled
              stopped_count=0, restarted_count=0
 full_count=0

Compilation events (20 events):
Event: 0.467 Thread 0x00007f8c4280a800  726       3       java.nio.MappedByteBuffer::position (6 bytes)
Event: 0.467 Thread 0x00007f8c4280a800 nmethod 726 0x0000000110092d10 code [0x0000000110092ec0, 0x00000001100930e0]
Event: 0.467 Thread 0x00007f8c4280a800  732       3       java.nio.DirectByteBufferR::<init> (21 bytes)
Event: 0.468 Thread 0x00007f8c4280a800 nmethod 732 0x0000000110093210 code [0x00000001100933a0, 0x0000000110093500]
Event: 0.468 Thread 0x00007f8c4280a800  733       3       java.nio.DirectByteBufferR::slice (66 bytes)
Event: 0.468 Thread 0x00007f8c4280a800 nmethod 733 0x0000000110093610 code [0x00000001100937c0, 0x0000000110093ac0]
Event: 0.468 Thread 0x00007f8c4280a800  722       3       jdk.internal.module.SystemModuleFinders$SystemModuleReader::find (54 bytes)
Event: 0.468 Thread 0x00007f8c4280a800 nmethod 722 0x0000000110093c10 code [0x0000000110093f20, 0x0000000110094fd0]
Event: 0.468 Thread 0x00007f8c4280a800  735       3       java.util.zip.ZipFile$ZipEntryIterator::hasMoreElements (5 bytes)
Event: 0.468 Thread 0x00007f8c4280a800 nmethod 735 0x0000000110095610 code [0x00000001100957a0, 0x0000000110095970]
Event: 0.469 Thread 0x00007f8c4280a800  736       3       java.util.zip.ZipFile$ZipEntryIterator::nextElement (5 bytes)
Event: 0.469 Thread 0x00007f8c4280a800 nmethod 736 0x0000000110095a10 code [0x0000000110095bc0, 0x0000000110095d60]
Event: 0.469 Thread 0x00007f8c4280a800  737       3       java.util.zip.ZipFile$ZipEntryIterator::nextElement (5 bytes)
Event: 0.469 Thread 0x00007f8c4280a800 nmethod 737 0x0000000110095e10 code [0x0000000110095fa0, 0x00000001100960e0]
Event: 0.469 Thread 0x00007f8c4280a800  734       3       jdk.internal.jimage.ImageStringsReader::hashCode (31 bytes)
Event: 0.469 Thread 0x00007f8c4280a800 nmethod 734 0x0000000110096190 code [0x0000000110096360, 0x0000000110096510]
Event: 0.469 Thread 0x00007f8c4280a800  731       3       jdk.internal.module.SystemModuleFinders$SystemModuleReader::findImageLocation (42 bytes)
Event: 0.469 Thread 0x00007f8c4280a800 nmethod 731 0x0000000110096610 code [0x0000000110096820, 0x0000000110096ef0]
Event: 0.469 Thread 0x00007f8c48048800 nmethod 729 0x00000001174b6010 code [0x00000001174b61c0, 0x00000001174b6438]
Event: 0.469 Thread 0x00007f8c48048800  730       4       java.lang.String::toString (2 bytes)

GC Heap History (0 events):
No events

Deoptimization events (20 events):
Event: 0.173 Thread 0x00007f8c4480d800 DEOPT PACKING pc=0x000000010ffb9e22 sp=0x000070000a1366c0
Event: 0.173 Thread 0x00007f8c4480d800 DEOPT UNPACKING pc=0x000000010fa0233a sp=0x000070000a135b48 mode 0
Event: 0.174 Thread 0x00007f8c4480d800 DEOPT PACKING pc=0x000000010ff8f568 sp=0x000070000a132530
Event: 0.174 Thread 0x00007f8c4480d800 DEOPT UNPACKING pc=0x000000010fa0233a sp=0x000070000a1319c8 mode 0
Event: 0.174 Thread 0x00007f8c4480d800 DEOPT PACKING pc=0x000000010ff7d62f sp=0x000070000a12e8e0
Event: 0.174 Thread 0x00007f8c4480d800 DEOPT UNPACKING pc=0x000000010fa0233a sp=0x000070000a12dda0 mode 0
Event: 0.280 Thread 0x00007f8c4480d800 Uncommon trap: trap_request=0xffffff45 fr.pc=0x000000011749ebb4 relative=0x0000000000000254
Event: 0.280 Thread 0x00007f8c4480d800 Uncommon trap: reason=unstable_if action=reinterpret pc=0x000000011749ebb4 method=java.lang.String.startsWith(Ljava/lang/String;I)Z @ 14 c2
Event: 0.280 Thread 0x00007f8c4480d800 DEOPT PACKING pc=0x000000011749ebb4 sp=0x000070000a139d80
Event: 0.280 Thread 0x00007f8c4480d800 DEOPT UNPACKING pc=0x000000010fa01e25 sp=0x000070000a139d00 mode 2
Event: 0.320 Thread 0x00007f8c4480d800 Uncommon trap: trap_request=0xffffff45 fr.pc=0x00000001174b19a8 relative=0x00000000000000c8
Event: 0.320 Thread 0x00007f8c4480d800 Uncommon trap: reason=unstable_if action=reinterpret pc=0x00000001174b19a8 method=sun.net.www.ParseUtil.firstEncodeIndex(Ljava/lang/String;)I @ 51 c2
Event: 0.320 Thread 0x00007f8c4480d800 DEOPT PACKING pc=0x00000001174b19a8 sp=0x000070000a13ac10
Event: 0.320 Thread 0x00007f8c4480d800 DEOPT UNPACKING pc=0x000000010fa01e25 sp=0x000070000a13abb8 mode 2
Event: 0.326 Thread 0x00007f8c4480d800 Uncommon trap: trap_request=0xffffff45 fr.pc=0x00000001174a0e88 relative=0x0000000000000388
Event: 0.326 Thread 0x00007f8c4480d800 Uncommon trap: reason=unstable_if action=reinterpret pc=0x00000001174a0e88 method=java.lang.StringLatin1.indexOf([BI[BII)I @ 91 c2
Event: 0.326 Thread 0x00007f8c4480d800 DEOPT PACKING pc=0x00000001174a0e88 sp=0x000070000a13ad30
Event: 0.326 Thread 0x00007f8c4480d800 DEOPT UNPACKING pc=0x000000010fa01e25 sp=0x000070000a13acb0 mode 2
Event: 0.467 Thread 0x00007f8c4480d800 DEOPT PACKING pc=0x0000000110088346 sp=0x000070000a13a5d0
Event: 0.467 Thread 0x00007f8c4480d800 DEOPT UNPACKING pc=0x000000010fa0233a sp=0x000070000a139a40 mode 0

Classes unloaded (0 events):
No events

Classes redefined (0 events):
No events

Internal exceptions (16 events):
Event: 0.178 Thread 0x00007f8c4480d800 Exception <a 'java/lang/NoClassDefFoundError'{0x000000070fa3f308}: org/slf4j/LoggerFactory> (0x000000070fa3f308) 
thrown [./open/src/hotspot/share/classfile/systemDictionary.cpp, line 215]
Event: 0.178 Thread 0x00007f8c4480d800 Exception <a 'java/lang/NoClassDefFoundError'{0x000000070fa49270}: org/apache/logging/log4j/spi/ExtendedLoggerWrapper> (0x000000070fa49270) 
thrown [./open/src/hotspot/share/classfile/systemDictionary.cpp, line 215]
Event: 0.179 Thread 0x00007f8c4480d800 Exception <a 'java/lang/NoClassDefFoundError'{0x000000070fa53658}: org/apache/log4j/Priority> (0x000000070fa53658) 
thrown [./open/src/hotspot/share/classfile/systemDictionary.cpp, line 215]
Event: 0.184 Thread 0x00007f8c4480d800 Exception <a 'java/lang/NoSuchMethodError'{0x000000070fa77a68}: 'int java.lang.invoke.DirectMethodHandle$Holder.invokeSpecialIFC(java.lang.Object, java.lang.Object, int)'> (0x000000070fa77a68) 
thrown [./open/src/hotspot/share/interpreter/linkResolver.cpp, line 766]
Event: 0.200 Thread 0x00007f8c4480d800 Exception <a 'java/lang/NoSuchMethodError'{0x000000070fae8d78}: 'java.lang.Object java.lang.invoke.DirectMethodHandle$Holder.invokeStaticInit(java.lang.Object, java.lang.Object, java.lang.Object)'> (0x000000070fae8d78) 
thrown [./open/src/hotspot/share/interpreter/linkResolver.cpp, line 766]
Event: 0.220 Thread 0x00007f8c4480d800 Exception <a 'java/lang/UnsatisfiedLinkError'{0x000000070f958548}: 'int io.netty.channel.epoll.Native.offsetofEpollData()'> (0x000000070f958548) 
thrown [./open/src/hotspot/share/prims/nativeLookup.cpp, line 408]
Event: 0.222 Thread 0x00007f8c4480d800 Exception <a 'java/lang/ExceptionInInitializerError'{0x000000070f9596d8}> (0x000000070f9596d8) 
thrown [./open/src/hotspot/share/oops/instanceKlass.cpp, line 1088]
Event: 0.318 Thread 0x00007f8c4480d800 Exception <a 'java/lang/reflect/InvocationTargetException'{0x000000070f3b7d60}> (0x000000070f3b7d60) 
thrown [./open/src/hotspot/share/runtime/reflection.cpp, line 1188]
Event: 0.463 Thread 0x00007f8c4480d800 Exception <a 'java/lang/UnsatisfiedLinkError'{0x000000070f2070a8}: 'int io.netty.internal.tcnative.NativeStaticallyReferencedJniMethods.sslOpNoTLSv13()'> (0x000000070f2070a8) 
thrown [./open/src/hotspot/share/prims/nativeLookup.cpp, line 408]
Event: 0.463 Thread 0x00007f8c4480d800 Exception <a 'java/lang/UnsatisfiedLinkError'{0x000000070f2070a8}> (0x000000070f2070a8) 
thrown [./open/src/hotspot/share/oops/instanceKlass.cpp, line 1083]
Event: 0.463 Thread 0x00007f8c4480d800 Exception <a 'java/lang/UnsatisfiedLinkError'{0x000000070f2070a8}> (0x000000070f2070a8) 
thrown [./open/src/hotspot/share/prims/jni.cpp, line 599]
Event: 0.463 Thread 0x00007f8c4480d800 Exception <a 'java/lang/reflect/InvocationTargetException'{0x000000070f207378}> (0x000000070f207378) 
thrown [./open/src/hotspot/share/runtime/reflection.cpp, line 1188]
Event: 0.464 Thread 0x00007f8c4480d800 Exception <a 'java/lang/NoClassDefFoundError'{0x000000070f2078a0}: Could not initialize class io.netty.internal.tcnative.SSL> (0x000000070f2078a0) 
thrown [./open/src/hotspot/share/oops/instanceKlass.cpp, line 1001]
Event: 0.464 Thread 0x00007f8c4480d800 Exception <a 'java/lang/NoClassDefFoundError'{0x000000070f2078a0}> (0x000000070f2078a0) 
thrown [./open/src/hotspot/share/prims/jni.cpp, line 599]
Event: 0.465 Thread 0x00007f8c4480d800 Exception <a 'java/lang/reflect/InvocationTargetException'{0x000000070f20a688}> (0x000000070f20a688) 
thrown [./open/src/hotspot/share/runtime/reflection.cpp, line 1188]
Event: 0.467 Thread 0x00007f8c4480d800 Exception <a 'java/lang/reflect/InvocationTargetException'{0x000000070f2276d8}> (0x000000070f2276d8) 
thrown [./open/src/hotspot/share/runtime/reflection.cpp, line 1188]

Events (20 events):
Event: 0.327 loading class sun/net/www/MessageHeader
Event: 0.327 loading class sun/net/www/MessageHeader done
Event: 0.327 loading class sun/net/www/protocol/jar/URLJarFile
Event: 0.327 loading class sun/net/www/protocol/jar/URLJarFile done
Event: 0.327 Executing VM operation: HandshakeAllThreads
Event: 0.327 Executing VM operation: HandshakeAllThreads done
Event: 0.327 loading class sun/nio/fs/UnixFileKey
Event: 0.327 loading class sun/nio/fs/UnixFileKey done
Event: 0.328 loading class sun/net/www/protocol/jar/URLJarFile$URLJarFileEntry
Event: 0.328 loading class sun/net/www/protocol/jar/URLJarFile$URLJarFileEntry done
Event: 0.328 loading class sun/net/www/protocol/jar/JarURLConnection$JarURLInputStream
Event: 0.328 loading class sun/net/www/protocol/jar/JarURLConnection$JarURLInputStream done
Event: 0.343 loading class java/io/FileOutputStream$1
Event: 0.343 loading class java/io/FileOutputStream$1 done
Event: 0.462 Loaded shared library /private/var/folders/tv/jml1_t1143q3nv2ttcwljtzr0000gn/T/libnetty_tcnative_osx_x86_6410228951306589088546.dylib
Event: 0.462 Protecting memory [0x000070000b275000,0x000070000b279000] with protection modes 3
Event: 0.462 Thread 0x00007f8c4380b000 Thread exited: 0x00007f8c4380b000
Event: 0.464 Loaded shared library /private/var/folders/tv/jml1_t1143q3nv2ttcwljtzr0000gn/T/libnetty_tcnative_osx_x86_6410228951306589088546.dylib
Event: 0.469 loading class javax/net/ssl/SSLEngine
Event: 0.469 loading class javax/net/ssl/SSLEngine done


Dynamic libraries:
0x00007fff6c334000 	/usr/lib/libz.1.dylib
0x0000000100e90000 	/Library/Java/JavaVirtualMachines/jdk-14.0.2.jdk/Contents/Home/lib/libjli.dylib
0x00007fff31e83000 	/System/Library/Frameworks/Cocoa.framework/Versions/A/Cocoa
0x00007fff3f678000 	/System/Library/Frameworks/Security.framework/Versions/A/Security
0x00007fff30de8000 	/System/Library/Frameworks/ApplicationServices.framework/Versions/A/ApplicationServices
0x00007fff69df8000 	/usr/lib/libSystem.B.dylib
0x00007fff6cbf5000 	/usr/lib/system/libcache.dylib
0x00007fff6cbfb000 	/usr/lib/system/libcommonCrypto.dylib
0x00007fff6cc07000 	/usr/lib/system/libcompiler_rt.dylib
0x00007fff6cc0f000 	/usr/lib/system/libcopyfile.dylib
0x00007fff6cc19000 	/usr/lib/system/libcorecrypto.dylib
0x00007fff6cdb8000 	/usr/lib/system/libdispatch.dylib
0x00007fff6cdf9000 	/usr/lib/system/libdyld.dylib
0x00007fff6ce30000 	/usr/lib/system/libkeymgr.dylib
0x00007fff6ce3e000 	/usr/lib/system/liblaunch.dylib
0x00007fff6ce3f000 	/usr/lib/system/libmacho.dylib
0x00007fff6ce45000 	/usr/lib/system/libquarantine.dylib
0x00007fff6ce48000 	/usr/lib/system/libremovefile.dylib
0x00007fff6ce4a000 	/usr/lib/system/libsystem_asl.dylib
0x00007fff6ce62000 	/usr/lib/system/libsystem_blocks.dylib
0x00007fff6ce63000 	/usr/lib/system/libsystem_c.dylib
0x00007fff6ceeb000 	/usr/lib/system/libsystem_configuration.dylib
0x00007fff6ceef000 	/usr/lib/system/libsystem_coreservices.dylib
0x00007fff6cef3000 	/usr/lib/system/libsystem_darwin.dylib
0x00007fff6cefc000 	/usr/lib/system/libsystem_dnssd.dylib
0x00007fff6cf04000 	/usr/lib/system/libsystem_featureflags.dylib
0x00007fff6cf06000 	/usr/lib/system/libsystem_info.dylib
0x00007fff6cf81000 	/usr/lib/system/libsystem_m.dylib
0x00007fff6cfc9000 	/usr/lib/system/libsystem_malloc.dylib
0x00007fff6cff1000 	/usr/lib/system/libsystem_networkextension.dylib
0x00007fff6cfff000 	/usr/lib/system/libsystem_notify.dylib
0x00007fff6d01d000 	/usr/lib/system/libsystem_sandbox.dylib
0x00007fff6d022000 	/usr/lib/system/libsystem_secinit.dylib
0x00007fff6cf54000 	/usr/lib/system/libsystem_kernel.dylib
0x00007fff6d009000 	/usr/lib/system/libsystem_platform.dylib
0x00007fff6d012000 	/usr/lib/system/libsystem_pthread.dylib
0x00007fff6d025000 	/usr/lib/system/libsystem_symptoms.dylib
0x00007fff6d02d000 	/usr/lib/system/libsystem_trace.dylib
0x00007fff6d045000 	/usr/lib/system/libunwind.dylib
0x00007fff6d04b000 	/usr/lib/system/libxpc.dylib
0x00007fff6bc58000 	/usr/lib/libobjc.A.dylib
0x00007fff6a131000 	/usr/lib/libc++abi.dylib
0x00007fff6a0de000 	/usr/lib/libc++.1.dylib
0x00007fff32d25000 	/System/Library/Frameworks/CoreFoundation.framework/Versions/A/CoreFoundation
0x00007fff353e2000 	/System/Library/Frameworks/Foundation.framework/Versions/C/Foundation
0x00007fff2ffd8000 	/System/Library/Frameworks/AppKit.framework/Versions/C/AppKit
0x00007fff32807000 	/System/Library/Frameworks/CoreData.framework/Versions/A/CoreData
0x00007fff63e0e000 	/System/Library/PrivateFrameworks/UIFoundation.framework/Versions/A/UIFoundation
0x00007fff5eea2000 	/System/Library/PrivateFrameworks/RemoteViewServices.framework/Versions/A/RemoteViewServices
0x00007fff66968000 	/System/Library/PrivateFrameworks/XCTTargetBootstrap.framework/Versions/A/XCTTargetBootstrap
0x00007fff32bf2000 	/System/Library/Frameworks/CoreDisplay.framework/Versions/A/CoreDisplay
0x00007fff3829c000 	/System/Library/Frameworks/Metal.framework/Versions/A/Metal
0x00007fff4ce8f000 	/System/Library/PrivateFrameworks/DesktopServicesPriv.framework/Versions/A/DesktopServicesPriv
0x00007fff6af33000 	/usr/lib/liblangid.dylib
0x00007fff4c124000 	/System/Library/PrivateFrameworks/CoreSVG.framework/Versions/A/CoreSVG
0x00007fff61ffe000 	/System/Library/PrivateFrameworks/SkyLight.framework/Versions/A/SkyLight
0x00007fff331a6000 	/System/Library/Frameworks/CoreGraphics.framework/Versions/A/CoreGraphics
0x00007fff2e9ac000 	/System/Library/Frameworks/Accelerate.framework/Versions/A/Accelerate
0x00007fff6c225000 	/usr/lib/libxml2.2.dylib
0x00007fff57e2d000 	/System/Library/PrivateFrameworks/IconServices.framework/Versions/A/IconServices
0x00007fff35bc1000 	/System/Library/Frameworks/IOSurface.framework/Versions/A/IOSurface
0x00007fff69922000 	/usr/lib/libDiagnosticMessagesClient.dylib
0x00007fff4cce9000 	/System/Library/PrivateFrameworks/DFRFoundation.framework/Versions/A/DFRFoundation
0x00007fff6acc2000 	/usr/lib/libicucore.A.dylib
0x00007fff3111a000 	/System/Library/Frameworks/AudioToolbox.framework/Versions/A/AudioToolbox
0x00007fff311fd000 	/System/Library/Frameworks/AudioUnit.framework/Versions/A/AudioUnit
0x00007fff69ffa000 	/usr/lib/libauto.dylib
0x00007fff4cd8b000 	/System/Library/PrivateFrameworks/DataDetectorsCore.framework/Versions/A/DataDetectorsCore
0x00007fff319a4000 	/System/Library/Frameworks/Carbon.framework/Versions/A/Frameworks/HIToolbox.framework/Versions/A/HIToolbox
0x00007fff3e874000 	/System/Library/Frameworks/QuartzCore.framework/Versions/A/QuartzCore
0x00007fff31ce3000 	/System/Library/Frameworks/Carbon.framework/Versions/A/Frameworks/SpeechRecognition.framework/Versions/A/SpeechRecognition
0x00007fff4c7fd000 	/System/Library/PrivateFrameworks/CoreUI.framework/Versions/A/CoreUI
0x00007fff32272000 	/System/Library/Frameworks/CoreAudio.framework/Versions/A/CoreAudio
0x00007fff350a1000 	/System/Library/Frameworks/DiskArbitration.framework/Versions/A/DiskArbitration
0x00007fff59e7d000 	/System/Library/PrivateFrameworks/MultitouchSupport.framework/Versions/A/MultitouchSupport
0x00007fff6ab89000 	/usr/lib/libenergytrace.dylib
0x00007fff35b1b000 	/System/Library/Frameworks/IOKit.framework/Versions/A/IOKit
0x00007fff3410d000 	/System/Library/Frameworks/CoreServices.framework/Versions/A/CoreServices
0x00007fff5c035000 	/System/Library/PrivateFrameworks/PerformanceAnalysis.framework/Versions/A/PerformanceAnalysis
0x00007fff3d8a7000 	/System/Library/Frameworks/OpenGL.framework/Versions/A/OpenGL
0x00007fff31e91000 	/System/Library/Frameworks/ColorSync.framework/Versions/A/ColorSync
0x00007fff33829000 	/System/Library/Frameworks/CoreImage.framework/Versions/A/CoreImage
0x00007fff34b80000 	/System/Library/Frameworks/CoreText.framework/Versions/A/CoreText
0x00007fff35c51000 	/System/Library/Frameworks/ImageIO.framework/Versions/A/ImageIO
0x00007fff6a15a000 	/usr/lib/libcompression.dylib
0x00007fff69c66000 	/usr/lib/libMobileGestalt.dylib
0x00007fff63b78000 	/System/Library/PrivateFrameworks/TextureIO.framework/Versions/A/TextureIO
0x00007fff69f5d000 	/usr/lib/libate.dylib
0x00007fff58036000 	/System/Library/PrivateFrameworks/InternationalSupport.framework/Versions/A/InternationalSupport
0x00007fff6af35000 	/usr/lib/liblzma.5.dylib
0x00007fff6abb0000 	/usr/lib/libfakelink.dylib
0x00007fff69eea000 	/usr/lib/libarchive.2.dylib
0x00007fff40729000 	/System/Library/Frameworks/SystemConfiguration.framework/Versions/A/SystemConfiguration
0x00007fff69855000 	/usr/lib/libCRFSuite.dylib
0x00007fff31594000 	/System/Library/Frameworks/CFNetwork.framework/Versions/A/CFNetwork
0x00007fff6a0c0000 	/usr/lib/libbsm.0.dylib
0x00007fff6ce31000 	/usr/lib/system/libkxld.dylib
0x00007fff46666000 	/System/Library/PrivateFrameworks/AppleFSCompression.framework/Versions/A/AppleFSCompression
0x00007fff6a44b000 	/usr/lib/libcoretls.dylib
0x00007fff6a462000 	/usr/lib/libcoretls_cfhelpers.dylib
0x00007fff6bc9e000 	/usr/lib/libpam.2.dylib
0x00007fff6bdd3000 	/usr/lib/libsqlite3.dylib
0x00007fff6c212000 	/usr/lib/libxar.1.dylib
0x00007fff6a0d1000 	/usr/lib/libbz2.1.0.dylib
0x00007fff6abd1000 	/usr/lib/libiconv.2.dylib
0x00007fff6a147000 	/usr/lib/libcharset.1.dylib
0x00007fff6b73b000 	/usr/lib/libnetwork.dylib
0x00007fff6bca5000 	/usr/lib/libpcap.A.dylib
0x00007fff69e9f000 	/usr/lib/libapple_nghttp2.dylib
0x00007fff344c4000 	/System/Library/Frameworks/CoreServices.framework/Versions/A/Frameworks/FSEvents.framework/Versions/A/FSEvents
0x00007fff34194000 	/System/Library/Frameworks/CoreServices.framework/Versions/A/Frameworks/CarbonCore.framework/Versions/A/CarbonCore
0x00007fff34708000 	/System/Library/Frameworks/CoreServices.framework/Versions/A/Frameworks/Metadata.framework/Versions/A/Metadata
0x00007fff347a1000 	/System/Library/Frameworks/CoreServices.framework/Versions/A/Frameworks/OSServices.framework/Versions/A/OSServices
0x00007fff347cf000 	/System/Library/Frameworks/CoreServices.framework/Versions/A/Frameworks/SearchKit.framework/Versions/A/SearchKit
0x00007fff3410e000 	/System/Library/Frameworks/CoreServices.framework/Versions/A/Frameworks/AE.framework/Versions/A/AE
0x00007fff344cd000 	/System/Library/Frameworks/CoreServices.framework/Versions/A/Frameworks/LaunchServices.framework/Versions/A/LaunchServices
0x00007fff34476000 	/System/Library/Frameworks/CoreServices.framework/Versions/A/Frameworks/DictionaryServices.framework/Versions/A/DictionaryServices
0x00007fff34837000 	/System/Library/Frameworks/CoreServices.framework/Versions/A/Frameworks/SharedFileList.framework/Versions/A/SharedFileList
0x00007fff396c6000 	/System/Library/Frameworks/NetFS.framework/Versions/A/NetFS
0x00007fff5a3ad000 	/System/Library/PrivateFrameworks/NetAuth.framework/Versions/A/NetAuth
0x00007fff66d35000 	/System/Library/PrivateFrameworks/login.framework/Versions/A/Frameworks/loginsupport.framework/Versions/A/loginsupport
0x00007fff63643000 	/System/Library/PrivateFrameworks/TCC.framework/Versions/A/TCC
0x00007fff4b297000 	/System/Library/PrivateFrameworks/CoreNLP.framework/Versions/A/CoreNLP
0x00007fff598aa000 	/System/Library/PrivateFrameworks/MetadataUtilities.framework/Versions/A/MetadataUtilities
0x00007fff6b00d000 	/usr/lib/libmecabra.dylib
0x00007fff6af65000 	/usr/lib/libmecab.dylib
0x00007fff6abc1000 	/usr/lib/libgermantok.dylib
0x00007fff69e86000 	/usr/lib/libThaiTokenizer.dylib
0x00007fff6988c000 	/usr/lib/libChineseTokenizer.dylib
0x00007fff2e9c4000 	/System/Library/Frameworks/Accelerate.framework/Versions/A/Frameworks/vImage.framework/Versions/A/vImage
0x00007fff2fe2e000 	/System/Library/Frameworks/Accelerate.framework/Versions/A/Frameworks/vecLib.framework/Versions/A/vecLib
0x00007fff2fd6b000 	/System/Library/Frameworks/Accelerate.framework/Versions/A/Frameworks/vecLib.framework/Versions/A/libvMisc.dylib
0x00007fff2fb93000 	/System/Library/Frameworks/Accelerate.framework/Versions/A/Frameworks/vecLib.framework/Versions/A/libvDSP.dylib
0x00007fff2f01b000 	/System/Library/Frameworks/Accelerate.framework/Versions/A/Frameworks/vecLib.framework/Versions/A/libBLAS.dylib
0x00007fff2f757000 	/System/Library/Frameworks/Accelerate.framework/Versions/A/Frameworks/vecLib.framework/Versions/A/libLAPACK.dylib
0x00007fff2faf3000 	/System/Library/Frameworks/Accelerate.framework/Versions/A/Frameworks/vecLib.framework/Versions/A/libLinearAlgebra.dylib
0x00007fff2fb80000 	/System/Library/Frameworks/Accelerate.framework/Versions/A/Frameworks/vecLib.framework/Versions/A/libSparseBLAS.dylib
0x00007fff2fb09000 	/System/Library/Frameworks/Accelerate.framework/Versions/A/Frameworks/vecLib.framework/Versions/A/libQuadrature.dylib
0x00007fff2f283000 	/System/Library/Frameworks/Accelerate.framework/Versions/A/Frameworks/vecLib.framework/Versions/A/libBNNS.dylib
0x00007fff2fb0f000 	/System/Library/Frameworks/Accelerate.framework/Versions/A/Frameworks/vecLib.framework/Versions/A/libSparse.dylib
0x00007fff5841e000 	/System/Library/PrivateFrameworks/LanguageModeling.framework/Versions/A/LanguageModeling
0x00007fff4ac47000 	/System/Library/PrivateFrameworks/CoreEmoji.framework/Versions/A/CoreEmoji
0x00007fff5853c000 	/System/Library/PrivateFrameworks/LinguisticData.framework/Versions/A/LinguisticData
0x00007fff584ed000 	/System/Library/PrivateFrameworks/Lexicon.framework/Versions/A/Lexicon
0x00007fff6a148000 	/usr/lib/libcmph.dylib
0x00007fff3c2b5000 	/System/Library/Frameworks/OpenDirectory.framework/Versions/A/Frameworks/CFOpenDirectory.framework/Versions/A/CFOpenDirectory
0x00007fff3c2d2000 	/System/Library/Frameworks/OpenDirectory.framework/Versions/A/OpenDirectory
0x00007fff44713000 	/System/Library/PrivateFrameworks/APFS.framework/Versions/A/APFS
0x00007fff3f9c2000 	/System/Library/Frameworks/SecurityFoundation.framework/Versions/A/SecurityFoundation
0x00007fff6c20e000 	/usr/lib/libutil.dylib
0x00007fff4c17c000 	/System/Library/PrivateFrameworks/CoreServicesStore.framework/Versions/A/CoreServicesStore
0x00007fff3fa79000 	/System/Library/Frameworks/ServiceManagement.framework/Versions/A/ServiceManagement
0x00007fff47e36000 	/System/Library/PrivateFrameworks/BackgroundTaskManagement.framework/Versions/A/BackgroundTaskManagement
0x00007fff6c30b000 	/usr/lib/libxslt.1.dylib
0x00007fff46cd9000 	/System/Library/PrivateFrameworks/AppleSystemInfo.framework/Versions/A/AppleSystemInfo
0x00007fff35e6c000 	/System/Library/Frameworks/ImageIO.framework/Versions/A/Resources/libJPEG.dylib
0x00007fff3612a000 	/System/Library/Frameworks/ImageIO.framework/Versions/A/Resources/libTIFF.dylib
0x00007fff3610d000 	/System/Library/Frameworks/ImageIO.framework/Versions/A/Resources/libPng.dylib
0x00007fff35dae000 	/System/Library/Frameworks/ImageIO.framework/Versions/A/Resources/libGIF.dylib
0x00007fff35db2000 	/System/Library/Frameworks/ImageIO.framework/Versions/A/Resources/libJP2.dylib
0x00007fff36128000 	/System/Library/Frameworks/ImageIO.framework/Versions/A/Resources/libRadiance.dylib
0x00007fff6ab8a000 	/usr/lib/libexpat.1.dylib
0x00007fff467c1000 	/System/Library/PrivateFrameworks/AppleJPEG.framework/Versions/A/AppleJPEG
0x00007fff4f492000 	/System/Library/PrivateFrameworks/FontServices.framework/libFontParser.dylib
0x00007fff65d37000 	/System/Library/PrivateFrameworks/WatchdogClient.framework/Versions/A/WatchdogClient
0x00007fff57a79000 	/System/Library/PrivateFrameworks/IOAccelerator.framework/Versions/A/IOAccelerator
0x00007fff38637000 	/System/Library/Frameworks/MetalPerformanceShaders.framework/Versions/A/MetalPerformanceShaders
0x00007fff5420f000 	/System/Library/PrivateFrameworks/GPUWrangler.framework/Versions/A/GPUWrangler
0x00007fff57a8e000 	/System/Library/PrivateFrameworks/IOPresentment.framework/Versions/A/IOPresentment
0x00007fff4ccfc000 	/System/Library/PrivateFrameworks/DSExternalDisplay.framework/Versions/A/DSExternalDisplay
0x00007fff3cc46000 	/System/Library/Frameworks/OpenGL.framework/Versions/A/Libraries/libCoreFSCache.dylib
0x00007fff38383000 	/System/Library/Frameworks/MetalPerformanceShaders.framework/Frameworks/MPSCore.framework/Versions/A/MPSCore
0x00007fff383c1000 	/System/Library/Frameworks/MetalPerformanceShaders.framework/Frameworks/MPSImage.framework/Versions/A/MPSImage
0x00007fff38488000 	/System/Library/Frameworks/MetalPerformanceShaders.framework/Frameworks/MPSNeuralNetwork.framework/Versions/A/MPSNeuralNetwork
0x00007fff3844c000 	/System/Library/Frameworks/MetalPerformanceShaders.framework/Frameworks/MPSMatrix.framework/Versions/A/MPSMatrix
0x00007fff385e7000 	/System/Library/Frameworks/MetalPerformanceShaders.framework/Frameworks/MPSRayIntersector.framework/Versions/A/MPSRayIntersector
0x00007fff38472000 	/System/Library/Frameworks/MetalPerformanceShaders.framework/Frameworks/MPSNDArray.framework/Versions/A/MPSNDArray
0x00007fff598f7000 	/System/Library/PrivateFrameworks/MetalTools.framework/Versions/A/MetalTools
0x00007fff458ed000 	/System/Library/PrivateFrameworks/AggregateDictionary.framework/Versions/A/AggregateDictionary
0x00007fff4a68f000 	/System/Library/PrivateFrameworks/CoreAnalytics.framework/Versions/A/CoreAnalytics
0x00007fff46bf8000 	/System/Library/PrivateFrameworks/AppleSauce.framework/Versions/A/AppleSauce
0x00007fff69b48000 	/usr/lib/libIOReport.dylib
0x00007fff34d38000 	/System/Library/Frameworks/CoreVideo.framework/Versions/A/CoreVideo
0x00007fff55688000 	/System/Library/PrivateFrameworks/GraphVisualizer.framework/Versions/A/GraphVisualizer
0x00007fff4e9d8000 	/System/Library/PrivateFrameworks/FaceCore.framework/Versions/A/FaceCore
0x00007fff3c25c000 	/System/Library/Frameworks/OpenCL.framework/Versions/A/OpenCL
0x00007fff6996a000 	/usr/lib/libFosl_dynamic.dylib
0x00007fff5adcd000 	/System/Library/PrivateFrameworks/OTSVG.framework/Versions/A/OTSVG
0x00007fff30eed000 	/System/Library/Frameworks/ApplicationServices.framework/Versions/A/Frameworks/ATS.framework/Versions/A/Resources/libFontRegistry.dylib
0x00007fff4f663000 	/System/Library/PrivateFrameworks/FontServices.framework/libhvf.dylib
0x00007fff3cc51000 	/System/Library/Frameworks/OpenGL.framework/Versions/A/Libraries/libGFXShared.dylib
0x00007fff3ce2f000 	/System/Library/Frameworks/OpenGL.framework/Versions/A/Libraries/libGLU.dylib
0x00007fff3cc5a000 	/System/Library/Frameworks/OpenGL.framework/Versions/A/Libraries/libGL.dylib
0x00007fff3cc65000 	/System/Library/Frameworks/OpenGL.framework/Versions/A/Libraries/libGLImage.dylib
0x00007fff3cc43000 	/System/Library/Frameworks/OpenGL.framework/Versions/A/Libraries/libCVMSPluginSupport.dylib
0x00007fff3cc4c000 	/System/Library/Frameworks/OpenGL.framework/Versions/A/Libraries/libCoreVMClient.dylib
0x00007fff6b5dc000 	/usr/lib/libncurses.5.4.dylib
0x00007fff30de9000 	/System/Library/Frameworks/ApplicationServices.framework/Versions/A/Frameworks/ATS.framework/Versions/A/ATS
0x00007fff30fb6000 	/System/Library/Frameworks/ApplicationServices.framework/Versions/A/Frameworks/ColorSyncLegacy.framework/Versions/A/ColorSyncLegacy
0x00007fff31054000 	/System/Library/Frameworks/ApplicationServices.framework/Versions/A/Frameworks/HIServices.framework/Versions/A/HIServices
0x00007fff310ac000 	/System/Library/Frameworks/ApplicationServices.framework/Versions/A/Frameworks/LangAnalysis.framework/Versions/A/LangAnalysis
0x00007fff310bb000 	/System/Library/Frameworks/ApplicationServices.framework/Versions/A/Frameworks/PrintCore.framework/Versions/A/PrintCore
0x00007fff31101000 	/System/Library/Frameworks/ApplicationServices.framework/Versions/A/Frameworks/QD.framework/Versions/A/QD
0x00007fff3110c000 	/System/Library/Frameworks/ApplicationServices.framework/Versions/A/Frameworks/SpeechSynthesis.framework/Versions/A/SpeechSynthesis
0x00007fff30f86000 	/System/Library/Frameworks/ApplicationServices.framework/Versions/A/Frameworks/ATSUI.framework/Versions/A/ATSUI
0x00007fff6aa20000 	/usr/lib/libcups.2.dylib
0x00007fff376d2000 	/System/Library/Frameworks/Kerberos.framework/Versions/A/Kerberos
0x00007fff35814000 	/System/Library/Frameworks/GSS.framework/Versions/A/GSS
0x00007fff6bd5f000 	/usr/lib/libresolv.9.dylib
0x00007fff55835000 	/System/Library/PrivateFrameworks/Heimdal.framework/Versions/A/Heimdal
0x00007fff376e5000 	/System/Library/Frameworks/Kerberos.framework/Versions/A/Libraries/libHeimdalProxy.dylib
0x00007fff6abc7000 	/usr/lib/libheimdal-asn1.dylib
0x00007fff49b27000 	/System/Library/PrivateFrameworks/CommonAuth.framework/Versions/A/CommonAuth
0x00007fff46d76000 	/System/Library/PrivateFrameworks/AssertionServices.framework/Versions/A/AssertionServices
0x00007fff47919000 	/System/Library/PrivateFrameworks/AudioToolboxCore.framework/Versions/A/AudioToolboxCore
0x00007fff669e5000 	/System/Library/PrivateFrameworks/caulk.framework/Versions/A/caulk
0x00007fff47ee2000 	/System/Library/PrivateFrameworks/BaseBoard.framework/Versions/A/BaseBoard
0x00007fff5f030000 	/System/Library/PrivateFrameworks/RunningBoardServices.framework/Versions/A/RunningBoardServices
0x00007fff5c041000 	/System/Library/PrivateFrameworks/PersistentConnection.framework/Versions/A/PersistentConnection
0x00007fff5ea29000 	/System/Library/PrivateFrameworks/ProtocolBuffer.framework/Versions/A/ProtocolBuffer
0x00007fff49b4b000 	/System/Library/PrivateFrameworks/CommonUtilities.framework/Versions/A/CommonUtilities
0x00007fff48070000 	/System/Library/PrivateFrameworks/Bom.framework/Versions/A/Bom
0x00007fff6981b000 	/usr/lib/libAudioToolboxUtility.dylib
0x00007fff47e40000 	/System/Library/PrivateFrameworks/Backup.framework/Versions/A/Backup
0x00007fff4cc1d000 	/System/Library/PrivateFrameworks/CrashReporterSupport.framework/Versions/A/CrashReporterSupport
0x00007fff60ac2000 	/System/Library/PrivateFrameworks/Sharing.framework/Versions/A/Sharing
0x00007fff46384000 	/System/Library/PrivateFrameworks/Apple80211.framework/Versions/A/Apple80211
0x00007fff47b5d000 	/System/Library/PrivateFrameworks/AuthKit.framework/Versions/A/AuthKit
0x00007fff4c92a000 	/System/Library/PrivateFrameworks/CoreUtils.framework/Versions/A/CoreUtils
0x00007fff34d7d000 	/System/Library/Frameworks/CoreWLAN.framework/Versions/A/CoreWLAN
0x00007fff359a1000 	/System/Library/Frameworks/IOBluetooth.framework/Versions/A/IOBluetooth
0x00007fff59bfc000 	/System/Library/PrivateFrameworks/MobileKeyBag.framework/Versions/A/MobileKeyBag
0x00007fff4b72f000 	/System/Library/PrivateFrameworks/CorePhoneNumbers.framework/Versions/A/CorePhoneNumbers
0x00007fff46774000 	/System/Library/PrivateFrameworks/AppleIDAuthSupport.framework/Versions/A/AppleIDAuthSupport
0x00007fff396d3000 	/System/Library/Frameworks/Network.framework/Versions/A/Network
0x00007fff582ca000 	/System/Library/PrivateFrameworks/KeychainCircle.framework/Versions/A/KeychainCircle
0x00007fff327ce000 	/System/Library/Frameworks/CoreBluetooth.framework/Versions/A/CoreBluetooth
0x00007fff62b41000 	/System/Library/PrivateFrameworks/SpeechRecognitionCore.framework/Versions/A/SpeechRecognitionCore
0x00007fff25df0000 	/System/Library/CoreServices/Encodings/libSimplifiedChineseConverter.dylib
0x0000000102800000 	/Library/Java/JavaVirtualMachines/jdk-14.0.2.jdk/Contents/Home/lib/server/libjvm.dylib
0x0000000100ebd000 	/Library/Java/JavaVirtualMachines/jdk-14.0.2.jdk/Contents/Home/lib/libjimage.dylib
0x0000000100f12000 	/Library/Java/JavaVirtualMachines/jdk-14.0.2.jdk/Contents/Home/lib/libjava.dylib
0x0000000100f3a000 	/Library/Java/JavaVirtualMachines/jdk-14.0.2.jdk/Contents/Home/lib/libzip.dylib
0x0000000100f61000 	/Library/Java/JavaVirtualMachines/jdk-14.0.2.jdk/Contents/Home/lib/libnio.dylib
0x0000000100f74000 	/Library/Java/JavaVirtualMachines/jdk-14.0.2.jdk/Contents/Home/lib/libnet.dylib
0x0000000100f8c000 	/Library/Java/JavaVirtualMachines/jdk-14.0.2.jdk/Contents/Home/lib/libmanagement.dylib
0x0000000100f96000 	/Library/Java/JavaVirtualMachines/jdk-14.0.2.jdk/Contents/Home/lib/libmanagement_ext.dylib


VM Arguments:
jvm_args: -Dfile.encoding=UTF-8 
java_command: HelloWorldServerTls 127.0.0.1 5050 /opt/gopath/src/github.com/zhangyangMr/HelloWorld/src/openssl/server.crt /opt/gopath/src/github.com/zhangyangMr/HelloWorld/src/openssl/server.pem
java_class_path (initial): /opt/gopath/src/github.com/zhangyangMr/HelloWorld/out/production/HelloWorld:/opt/gopath/src/github.com/zhangyangMr/HelloWorld/libraries/ezmorph-1.0.6.jar:/opt/gopath/src/github.com/zhangyangMr/HelloWorld/libraries/io.grpc-1.4.3.jar:/opt/gopath/src/github.com/zhangyangMr/HelloWorld/libraries/guava-29.0-jre.jar:/opt/gopath/src/github.com/zhangyangMr/HelloWorld/libraries/grpc-api-1.32.1.jar:/opt/gopath/src/github.com/zhangyangMr/HelloWorld/libraries/commons-lang-2.6.jar:/opt/gopath/src/github.com/zhangyangMr/HelloWorld/libraries/grpc-core-1.32.1.jar:/opt/gopath/src/github.com/zhangyangMr/HelloWorld/libraries/grpc-stub-1.32.1.jar:/opt/gopath/src/github.com/zhangyangMr/HelloWorld/libraries/grpc-netty-1.32.1.jar:/opt/gopath/src/github.com/zhangyangMr/HelloWorld/libraries/json-lib-2.4-jdk15.jar:/opt/gopath/src/github.com/zhangyangMr/HelloWorld/libraries/commons-logging-1.2.jar:/opt/gopath/src/github.com/zhangyangMr/HelloWorld/libraries/grpc-protobuf-1.32.1.jar:/opt/gopath/src/github.com/zhangyangMr/HelloWorld/libraries/protobuf-java-3.13.0.jar:/opt/gopath/src/github.com/zhangyangMr/HelloWorld/libraries/javax.annotation-1.0.1.jar:/opt/gopath/src/github.com/zhangyangMr/HelloWorld/libraries/netty-all-4.1.52.Final.jar:/opt/gopath/src/github.com/zhangyangMr/HelloWorld/libraries/commons-beanutils-1.9.4.jar:/opt/gopath/src/github.com/zhangyangMr/HelloWorld/libraries/grpc-protobuf-lite-1.7.1.jar:/opt/gopath/src/github.com/zhangyangMr/HelloWorld/libraries/java-unit-test-utils-0.3.jar:/opt/gopath/src/github.com/zhangyangMr/HelloWorld/libraries/commons-collections-3.2.2.jar:/opt/gopath/src/github.com/zhangyangMr/HelloWorld/libraries/netty-tcnative-2.0.34.Final.jar:/opt/gopath/src/github.com/zhangyangMr/HelloWorld/libraries/error_prone_annotations-2.4.0.jar:/opt/gopath/src/github.com/zhangyangMr/HelloWorld/libraries/netty-tcnative-boringssl-static-2.0.7.Final.jar
Launcher Type: SUN_STANDARD

[Global flags]
     intx CICompilerCount                          = 4                                         {product} {ergonomic}
     uint ConcGCThreads                            = 3                                         {product} {ergonomic}
     uint G1ConcRefinementThreads                  = 10                                        {product} {ergonomic}
   size_t G1HeapRegionSize                         = 1048576                                   {product} {ergonomic}
    uintx GCDrainStackTargetSize                   = 64                                        {product} {ergonomic}
   size_t InitialHeapSize                          = 268435456                                 {product} {ergonomic}
   size_t MarkStackSize                            = 4194304                                   {product} {ergonomic}
   size_t MaxHeapSize                              = 4294967296                                {product} {ergonomic}
   size_t MaxNewSize                               = 2576351232                                {product} {ergonomic}
   size_t MinHeapDeltaBytes                        = 1048576                                   {product} {ergonomic}
   size_t MinHeapSize                              = 8388608                                   {product} {ergonomic}
    uintx NonNMethodCodeHeapSize                   = 5839372                                {pd product} {ergonomic}
    uintx NonProfiledCodeHeapSize                  = 122909434                              {pd product} {ergonomic}
    uintx ProfiledCodeHeapSize                     = 122909434                              {pd product} {ergonomic}
    uintx ReservedCodeCacheSize                    = 251658240                              {pd product} {ergonomic}
     bool SegmentedCodeCache                       = true                                      {product} {ergonomic}
   size_t SoftMaxHeapSize                          = 4294967296                             {manageable} {ergonomic}
     bool UseCompressedClassPointers               = true                                 {lp64_product} {ergonomic}
     bool UseCompressedOops                        = true                                 {lp64_product} {ergonomic}
     bool UseG1GC                                  = true                                      {product} {ergonomic}

Logging:
Log output configuration:
 #0: stdout all=warning uptime,level,tags
 #1: stderr all=off uptime,level,tags

Environment Variables:
JAVA_HOME=/Library/Java/JavaVirtualMachines/jdk1.8.0_131.jdk/Contents/Home
PATH=/usr/local/bin:/usr/bin:/bin:/usr/sbin:/sbin:/usr/local/go/bin:/Library/Apple/usr/bin:/opt/gopath/bin:/usr/local/go/bin:/opt/gopath/src/github.com/hyperledger/fabric-samples/bin:/Library/Java/JavaVirtualMachines/jdk1.8.0_131.jdk/Contents/Home/bin:/Library/Java/JavaVirtualMachines/jdk1.8.0_131.jdk/Contents/Home/jre/bin:/usr/lib/pkg-config
SHELL=/bin/zsh

Signal Handlers:
SIGSEGV: [libjvm.dylib+0x7415b8], sa_mask[0]=11111111011111110111111111111111, sa_flags=SA_ONSTACK|SA_RESTART|SA_SIGINFO
SIGBUS: [libjvm.dylib+0x7415b8], sa_mask[0]=11111111011111110111111111111111, sa_flags=SA_RESTART|SA_SIGINFO
SIGFPE: [libjvm.dylib+0x7415b8], sa_mask[0]=11111111011111110111111111111111, sa_flags=SA_RESTART|SA_SIGINFO
SIGPIPE: [libjvm.dylib+0x5eb4b1], sa_mask[0]=11111111011111110111111111111111, sa_flags=SA_RESTART|SA_SIGINFO
SIGXFSZ: [libjvm.dylib+0x5eb4b1], sa_mask[0]=11111111011111110111111111111111, sa_flags=SA_RESTART|SA_SIGINFO
SIGILL: [libjvm.dylib+0x7415b8], sa_mask[0]=11111111011111110111111111111111, sa_flags=SA_RESTART|SA_SIGINFO
SIGUSR2: [libjvm.dylib+0x5eba83], sa_mask[0]=00100000000000000000000000000000, sa_flags=SA_RESTART|SA_SIGINFO
SIGHUP: [libjvm.dylib+0x5eaae5], sa_mask[0]=11111111011111110111111111111111, sa_flags=SA_RESTART|SA_SIGINFO
SIGINT: [libjvm.dylib+0x5eaae5], sa_mask[0]=11111111011111110111111111111111, sa_flags=SA_RESTART|SA_SIGINFO
SIGTERM: [libjvm.dylib+0x5eaae5], sa_mask[0]=11111111011111110111111111111111, sa_flags=SA_RESTART|SA_SIGINFO
SIGQUIT: [libjvm.dylib+0x5eaae5], sa_mask[0]=11111111011111110111111111111111, sa_flags=SA_RESTART|SA_SIGINFO


---------------  S Y S T E M  ---------------

OS:uname:Darwin 19.6.0 Darwin Kernel Version 19.6.0: Thu Jun 18 20:49:00 PDT 2020; root:xnu-6153.141.1~1/RELEASE_X86_64 x86_64
OS uptime: 18 days 1:33 hours
rlimit: STACK 8192k, CORE 0k, NPROC 2784, NOFILE 10240, AS infinity, DATA infinity, FSIZE infinity
load average:2.81 2.33 2.23

CPU:total 12 (initial active 12) (6 cores per cpu, 2 threads per core) family 6 model 158 stepping 10, cmov, cx8, fxsr, mmx, sse, sse2, sse3, ssse3, sse4.1, sse4.2, popcnt, avx, avx2, aes, clmul, erms, 3dnowpref, lzcnt, ht, tsc, tscinvbit, bmi1, bmi2, adx, fma

Memory: 4k page, physical 16777216k(1228972k free), swap 2097152k(993024k free)

vm_info: Java HotSpot(TM) 64-Bit Server VM (14.0.2+12-46) for bsd-amd64 JRE (14.0.2+12-46), built on Jul  8 2020 23:32:31 by "mach5one" with clang 4.2.1 Compatible Apple LLVM 10.0.0 (clang-1000.11.45.5)

END.
